<?xml version="1.0" encoding="UTF-8"?>
<robot generator="Robot 7.2.2 (Python 3.11.9 on win32)" generated="2025-03-12T09:43:38.582539" rpa="false" schemaversion="5">
<suite id="s1" name="adminProgramsTestsuite" source="D:\projectmanga\git-group-repository-group-6-sec-1\Source_Code\Project_2-master\Project_2-master\tests\sprint2\adminProgramsTestsuite.robot">
<kw name="Setup Browser And Login" type="SETUP">
<kw name="Open Browser" owner="SeleniumLibrary">
<msg time="2025-03-12T09:43:38.832248" level="INFO">Opening browser 'chrome' to base url 'https://cs6sec267.cpkkuhost.com/login'.</msg>
<arg>${LOGIN_URL}</arg>
<arg>${BROWSER}</arg>
<doc>Opens a new browser instance to the optional ``url``.</doc>
<status status="PASS" start="2025-03-12T09:43:38.831234" elapsed="6.533654"/>
</kw>
<kw name="Maximize Browser Window" owner="SeleniumLibrary">
<doc>Maximizes current browser window.</doc>
<status status="PASS" start="2025-03-12T09:43:45.364888" elapsed="0.032242"/>
</kw>
<kw name="Set Selenium Timeout" owner="SeleniumLibrary">
<arg>${TIMEOUT}</arg>
<doc>Sets the timeout that is used by various keywords.</doc>
<status status="PASS" start="2025-03-12T09:43:45.398137" elapsed="0.001994"/>
</kw>
<kw name="Login To System">
<kw name="Wait Until Page Contains Element" owner="SeleniumLibrary">
<arg>id=username</arg>
<arg>${TIMEOUT}</arg>
<doc>Waits until the element ``locator`` appears on the current page.</doc>
<status status="PASS" start="2025-03-12T09:43:45.400131" elapsed="0.018205"/>
</kw>
<kw name="Input Text" owner="SeleniumLibrary">
<msg time="2025-03-12T09:43:45.421333" level="INFO">Typing text 'admin@gmail.com' into text field 'id=username'.</msg>
<arg>id=username</arg>
<arg>${USERNAME}</arg>
<doc>Types the given ``text`` into the text field identified by ``locator``.</doc>
<status status="PASS" start="2025-03-12T09:43:45.419334" elapsed="0.130310"/>
</kw>
<kw name="Input Text" owner="SeleniumLibrary">
<msg time="2025-03-12T09:43:45.550642" level="INFO">Typing text '12345678' into text field 'id=password'.</msg>
<arg>id=password</arg>
<arg>${PASSWORD}</arg>
<doc>Types the given ``text`` into the text field identified by ``locator``.</doc>
<status status="PASS" start="2025-03-12T09:43:45.549644" elapsed="0.167979"/>
</kw>
<kw name="Click Button" owner="SeleniumLibrary">
<msg time="2025-03-12T09:43:45.718624" level="INFO">Clicking button 'xpath=//button[@type='submit']'.</msg>
<arg>xpath=//button[@type='submit']</arg>
<doc>Clicks the button identified by ``locator``.</doc>
<status status="PASS" start="2025-03-12T09:43:45.717623" elapsed="2.026596"/>
</kw>
<kw name="Wait Until Location Contains" owner="SeleniumLibrary">
<arg>${DASHBOARD_URL}</arg>
<arg>${TIMEOUT}</arg>
<doc>Waits until the current URL contains ``expected``.</doc>
<status status="PASS" start="2025-03-12T09:43:47.744219" elapsed="0.006623"/>
</kw>
<kw name="Log To Console" owner="BuiltIn">
<arg>เข้าสู่ระบบสำเร็จ, ไปที่: ${DASHBOARD_URL}</arg>
<doc>Logs the given message to the console.</doc>
<status status="PASS" start="2025-03-12T09:43:47.750842" elapsed="0.001147"/>
</kw>
<status status="PASS" start="2025-03-12T09:43:45.400131" elapsed="2.351858"/>
</kw>
<status status="PASS" start="2025-03-12T09:43:38.831234" elapsed="8.920755"/>
</kw>
<test id="s1-t1" name="TC43_ADMINPrograms - ตรวจสอบภาษาส่วนต่างๆ ของ UI" line="336">
<kw name="Run Test For All Languages">
<kw name="Go To" owner="SeleniumLibrary">
<msg time="2025-03-12T09:43:47.754018" level="INFO">Opening url 'https://cs6sec267.cpkkuhost.com/programs'</msg>
<arg>${PROGRAMS_URL}</arg>
<doc>Navigates the current browser window to the provided ``url``.</doc>
<status status="PASS" start="2025-03-12T09:43:47.753020" elapsed="0.638580"/>
</kw>
<for flavor="IN">
<iter>
<kw name="Switch Language">
<kw name="Go To" owner="SeleniumLibrary">
<msg time="2025-03-12T09:43:48.392597" level="INFO">Opening url 'https://cs6sec267.cpkkuhost.com/dashboard'</msg>
<arg>${DASHBOARD_URL}</arg>
<doc>Navigates the current browser window to the provided ``url``.</doc>
<status status="PASS" start="2025-03-12T09:43:48.392597" elapsed="0.399617"/>
</kw>
<kw name="Wait Until Element Is Visible" owner="SeleniumLibrary">
<arg>xpath=//a[contains(@class, 'nav-link dropdown-toggle')]</arg>
<arg>5s</arg>
<doc>Waits until the element ``locator`` is visible.</doc>
<status status="PASS" start="2025-03-12T09:43:48.792214" elapsed="0.020387"/>
</kw>
<kw name="Click Element" owner="SeleniumLibrary">
<msg time="2025-03-12T09:43:48.812601" level="INFO">Clicking element 'xpath=//a[contains(@class, 'nav-link dropdown-toggle')]'.</msg>
<arg>xpath=//a[contains(@class, 'nav-link dropdown-toggle')]</arg>
<doc>Click the element identified by ``locator``.</doc>
<status status="PASS" start="2025-03-12T09:43:48.812601" elapsed="0.045528"/>
</kw>
<kw name="Wait Until Element Is Visible" owner="SeleniumLibrary">
<arg>xpath=//div[contains(@class, 'dropdown-menu')]</arg>
<arg>5s</arg>
<doc>Waits until the element ``locator`` is visible.</doc>
<status status="PASS" start="2025-03-12T09:43:48.858129" elapsed="0.017906"/>
</kw>
<kw name="Get WebElements" owner="SeleniumLibrary">
<msg time="2025-03-12T09:43:48.885014" level="INFO">${items} = [&lt;selenium.webdriver.remote.webelement.WebElement (session="d59203386d21e16ef47c8ebc1756625d", element="f.299E9CC6A7BFF2FD85ADAEB3A8D7F1F2.d.7D48902A48A71357686EA71957745510.e.103")&gt;, &lt;selenium.webdri...</msg>
<var>${items}</var>
<arg>xpath=//div[contains(@class, 'dropdown-menu')]//a</arg>
<doc>Returns a list of WebElement objects matching the ``locator``.</doc>
<status status="PASS" start="2025-03-12T09:43:48.876035" elapsed="0.008979"/>
</kw>
<for flavor="IN">
<iter>
<kw name="Get Text" owner="SeleniumLibrary">
<msg time="2025-03-12T09:43:48.898020" level="INFO">${text} = ไทย</msg>
<var>${text}</var>
<arg>${item}</arg>
<doc>Returns the text value of the element identified by ``locator``.</doc>
<status status="PASS" start="2025-03-12T09:43:48.885014" elapsed="0.013006"/>
</kw>
<kw name="Log To Console" owner="BuiltIn">
<arg>ตัวเลือกใน Dropdown: ${text}</arg>
<doc>Logs the given message to the console.</doc>
<status status="PASS" start="2025-03-12T09:43:48.898020" elapsed="0.000000"/>
</kw>
<var name="${item}">&lt;selenium.webdriver.remote.webelement.WebElement (session="d59203386d21e16ef47c8ebc1756625d", element="f.299E9CC6A7BFF2FD85ADAEB3A8D7F1F2.d.7D48902A48A71357686EA71957745510.e.103")&gt;</var>
<status status="PASS" start="2025-03-12T09:43:48.885014" elapsed="0.013006"/>
</iter>
<iter>
<kw name="Get Text" owner="SeleniumLibrary">
<msg time="2025-03-12T09:43:48.906086" level="INFO">${text} = 中国</msg>
<var>${text}</var>
<arg>${item}</arg>
<doc>Returns the text value of the element identified by ``locator``.</doc>
<status status="PASS" start="2025-03-12T09:43:48.899019" elapsed="0.007067"/>
</kw>
<kw name="Log To Console" owner="BuiltIn">
<arg>ตัวเลือกใน Dropdown: ${text}</arg>
<doc>Logs the given message to the console.</doc>
<status status="PASS" start="2025-03-12T09:43:48.906086" elapsed="0.000888"/>
</kw>
<var name="${item}">&lt;selenium.webdriver.remote.webelement.WebElement (session="d59203386d21e16ef47c8ebc1756625d", element="f.299E9CC6A7BFF2FD85ADAEB3A8D7F1F2.d.7D48902A48A71357686EA71957745510.e.104")&gt;</var>
<status status="PASS" start="2025-03-12T09:43:48.899019" elapsed="0.007955"/>
</iter>
<var>${item}</var>
<value>@{items}</value>
<status status="PASS" start="2025-03-12T09:43:48.885014" elapsed="0.021960"/>
</for>
<kw name="Set Variable If" owner="BuiltIn">
<msg time="2025-03-12T09:43:48.906974" level="INFO">${lang_text} = ไทย</msg>
<var>${lang_text}</var>
<arg>'${lang}' == 'th'</arg>
<arg>ไทย</arg>
<arg>'${lang}' == 'zh'</arg>
<arg>中国</arg>
<arg>'${lang}' == 'en'</arg>
<arg>English</arg>
<doc>Sets variable based on the given condition.</doc>
<status status="PASS" start="2025-03-12T09:43:48.906974" elapsed="0.000000"/>
</kw>
<kw name="Run Keyword And Return Status" owner="BuiltIn">
<kw name="Element Should Be Visible" owner="SeleniumLibrary">
<msg time="2025-03-12T09:43:48.925223" level="INFO">Element 'xpath=//a[contains(., 'ไทย')]' is displayed.</msg>
<arg>xpath=//a[contains(., '${lang_text}')]</arg>
<doc>Verifies that the element identified by ``locator`` is visible.</doc>
<status status="PASS" start="2025-03-12T09:43:48.906974" elapsed="0.018249"/>
</kw>
<msg time="2025-03-12T09:43:48.925223" level="INFO">${lang_option} = True</msg>
<var>${lang_option}</var>
<arg>Element Should Be Visible</arg>
<arg>xpath=//a[contains(., '${lang_text}')]</arg>
<doc>Runs the given keyword with given arguments and returns the status as a Boolean value.</doc>
<status status="PASS" start="2025-03-12T09:43:48.906974" elapsed="0.018249"/>
</kw>
<kw name="Run Keyword If" owner="BuiltIn">
<kw name="Click Element" owner="SeleniumLibrary">
<msg time="2025-03-12T09:43:48.926239" level="INFO">Clicking element 'xpath=//a[contains(., 'ไทย')]'.</msg>
<arg>xpath=//a[contains(., '${lang_text}')]</arg>
<doc>Click the element identified by ``locator``.</doc>
<status status="PASS" start="2025-03-12T09:43:48.926239" elapsed="0.746003"/>
</kw>
<arg>${lang_option}</arg>
<arg>Click Element</arg>
<arg>xpath=//a[contains(., '${lang_text}')]</arg>
<arg>ELSE</arg>
<arg>Fail</arg>
<arg>ไม่พบตัวเลือกภาษา ${lang_text} ใน dropdown</arg>
<doc>Runs the given keyword with the given arguments, if ``condition`` is true.</doc>
<status status="PASS" start="2025-03-12T09:43:48.926239" elapsed="0.746003"/>
</kw>
<kw name="Go To" owner="SeleniumLibrary">
<msg time="2025-03-12T09:43:49.672242" level="INFO">Opening url 'https://cs6sec267.cpkkuhost.com/programs'</msg>
<arg>${PROGRAMS_URL}</arg>
<doc>Navigates the current browser window to the provided ``url``.</doc>
<status status="PASS" start="2025-03-12T09:43:49.672242" elapsed="0.457449"/>
</kw>
<kw name="Set Variable If" owner="BuiltIn">
<msg time="2025-03-12T09:43:50.130693" level="INFO">${title_text} = หลักสูตร</msg>
<var>${title_text}</var>
<arg>'${lang}' == 'th'</arg>
<arg>หลักสูตร</arg>
<arg>'${lang}' == 'zh'</arg>
<arg>课程</arg>
<arg>'${lang}' == 'en'</arg>
<arg>Programs</arg>
<doc>Sets variable based on the given condition.</doc>
<status status="PASS" start="2025-03-12T09:43:50.129691" elapsed="0.001002"/>
</kw>
<kw name="Wait Until Page Contains" owner="SeleniumLibrary">
<arg>${title_text}</arg>
<arg>10s</arg>
<doc>Waits until ``text`` appears on the current page.</doc>
<status status="PASS" start="2025-03-12T09:43:50.130693" elapsed="0.014554"/>
</kw>
<kw name="Log To Console" owner="BuiltIn">
<arg>เปลี่ยนภาษาเป็น: ${lang}</arg>
<doc>Logs the given message to the console.</doc>
<status status="PASS" start="2025-03-12T09:43:50.145247" elapsed="0.001316"/>
</kw>
<arg>${lang}</arg>
<status status="PASS" start="2025-03-12T09:43:48.391600" elapsed="1.754963"/>
</kw>
<kw name="Run Keyword" owner="BuiltIn">
<kw name="Verify TC43">
<kw name="Set Variable If" owner="BuiltIn">
<msg time="2025-03-12T09:43:50.147555" level="INFO">${title_text} = หลักสูตร</msg>
<var>${title_text}</var>
<arg>'${lang}' == 'th'</arg>
<arg>หลักสูตร</arg>
<arg>'${lang}' == 'zh'</arg>
<arg>课程</arg>
<arg>'${lang}' == 'en'</arg>
<arg>Programs</arg>
<doc>Sets variable based on the given condition.</doc>
<status status="PASS" start="2025-03-12T09:43:50.147555" elapsed="0.000000"/>
</kw>
<kw name="Set Variable If" owner="BuiltIn">
<msg time="2025-03-12T09:43:50.148553" level="INFO">${add_text} = เพิ่มโปรแกรม</msg>
<var>${add_text}</var>
<arg>'${lang}' == 'th'</arg>
<arg>เพิ่มโปรแกรม</arg>
<arg>'${lang}' == 'zh'</arg>
<arg>添加程序</arg>
<arg>'${lang}' == 'en'</arg>
<arg>Add Program</arg>
<doc>Sets variable based on the given condition.</doc>
<status status="PASS" start="2025-03-12T09:43:50.148553" elapsed="0.000000"/>
</kw>
<kw name="Verify Page Language">
<kw name="Wait Until Page Contains" owner="SeleniumLibrary">
<arg>${expected_text}</arg>
<arg>10s</arg>
<doc>Waits until ``text`` appears on the current page.</doc>
<status status="PASS" start="2025-03-12T09:43:50.148553" elapsed="0.010996"/>
</kw>
<kw name="Log To Console" owner="BuiltIn">
<arg>ตรวจสอบข้อความในหน้า: ${expected_text}</arg>
<doc>Logs the given message to the console.</doc>
<status status="PASS" start="2025-03-12T09:43:50.159549" elapsed="0.001023"/>
</kw>
<arg>${title_text}</arg>
<status status="PASS" start="2025-03-12T09:43:50.148553" elapsed="0.012019"/>
</kw>
<kw name="Verify Page Language">
<kw name="Wait Until Page Contains" owner="SeleniumLibrary">
<arg>${expected_text}</arg>
<arg>10s</arg>
<doc>Waits until ``text`` appears on the current page.</doc>
<status status="PASS" start="2025-03-12T09:43:50.160572" elapsed="0.011792"/>
</kw>
<kw name="Log To Console" owner="BuiltIn">
<arg>ตรวจสอบข้อความในหน้า: ${expected_text}</arg>
<doc>Logs the given message to the console.</doc>
<status status="PASS" start="2025-03-12T09:43:50.172364" elapsed="0.000813"/>
</kw>
<arg>${add_text}</arg>
<status status="PASS" start="2025-03-12T09:43:50.160572" elapsed="0.012605"/>
</kw>
<arg>${lang}</arg>
<status status="PASS" start="2025-03-12T09:43:50.147555" elapsed="0.025622"/>
</kw>
<arg>${test_keyword}</arg>
<arg>${lang}</arg>
<doc>Executes the given keyword with the given arguments.</doc>
<status status="PASS" start="2025-03-12T09:43:50.146563" elapsed="0.026614"/>
</kw>
<var name="${lang}">th</var>
<status status="PASS" start="2025-03-12T09:43:48.391600" elapsed="1.781577"/>
</iter>
<iter>
<kw name="Switch Language">
<kw name="Go To" owner="SeleniumLibrary">
<msg time="2025-03-12T09:43:50.174178" level="INFO">Opening url 'https://cs6sec267.cpkkuhost.com/dashboard'</msg>
<arg>${DASHBOARD_URL}</arg>
<doc>Navigates the current browser window to the provided ``url``.</doc>
<status status="PASS" start="2025-03-12T09:43:50.174178" elapsed="0.402361"/>
</kw>
<kw name="Wait Until Element Is Visible" owner="SeleniumLibrary">
<arg>xpath=//a[contains(@class, 'nav-link dropdown-toggle')]</arg>
<arg>5s</arg>
<doc>Waits until the element ``locator`` is visible.</doc>
<status status="PASS" start="2025-03-12T09:43:50.577536" elapsed="0.012545"/>
</kw>
<kw name="Click Element" owner="SeleniumLibrary">
<msg time="2025-03-12T09:43:50.591079" level="INFO">Clicking element 'xpath=//a[contains(@class, 'nav-link dropdown-toggle')]'.</msg>
<arg>xpath=//a[contains(@class, 'nav-link dropdown-toggle')]</arg>
<doc>Click the element identified by ``locator``.</doc>
<status status="PASS" start="2025-03-12T09:43:50.590081" elapsed="0.041458"/>
</kw>
<kw name="Wait Until Element Is Visible" owner="SeleniumLibrary">
<arg>xpath=//div[contains(@class, 'dropdown-menu')]</arg>
<arg>5s</arg>
<doc>Waits until the element ``locator`` is visible.</doc>
<status status="PASS" start="2025-03-12T09:43:50.631539" elapsed="0.012136"/>
</kw>
<kw name="Get WebElements" owner="SeleniumLibrary">
<msg time="2025-03-12T09:43:50.649358" level="INFO">${items} = [&lt;selenium.webdriver.remote.webelement.WebElement (session="d59203386d21e16ef47c8ebc1756625d", element="f.299E9CC6A7BFF2FD85ADAEB3A8D7F1F2.d.ED2F5A4E4846C9100CC81FBDCFE31797.e.192")&gt;, &lt;selenium.webdri...</msg>
<var>${items}</var>
<arg>xpath=//div[contains(@class, 'dropdown-menu')]//a</arg>
<doc>Returns a list of WebElement objects matching the ``locator``.</doc>
<status status="PASS" start="2025-03-12T09:43:50.643675" elapsed="0.005683"/>
</kw>
<for flavor="IN">
<iter>
<kw name="Get Text" owner="SeleniumLibrary">
<msg time="2025-03-12T09:43:50.654855" level="INFO">${text} = English</msg>
<var>${text}</var>
<arg>${item}</arg>
<doc>Returns the text value of the element identified by ``locator``.</doc>
<status status="PASS" start="2025-03-12T09:43:50.649358" elapsed="0.005497"/>
</kw>
<kw name="Log To Console" owner="BuiltIn">
<arg>ตัวเลือกใน Dropdown: ${text}</arg>
<doc>Logs the given message to the console.</doc>
<status status="PASS" start="2025-03-12T09:43:50.655863" elapsed="0.000000"/>
</kw>
<var name="${item}">&lt;selenium.webdriver.remote.webelement.WebElement (session="d59203386d21e16ef47c8ebc1756625d", element="f.299E9CC6A7BFF2FD85ADAEB3A8D7F1F2.d.ED2F5A4E4846C9100CC81FBDCFE31797.e.192")&gt;</var>
<status status="PASS" start="2025-03-12T09:43:50.649358" elapsed="0.006505"/>
</iter>
<iter>
<kw name="Get Text" owner="SeleniumLibrary">
<msg time="2025-03-12T09:43:50.662170" level="INFO">${text} = 中国</msg>
<var>${text}</var>
<arg>${item}</arg>
<doc>Returns the text value of the element identified by ``locator``.</doc>
<status status="PASS" start="2025-03-12T09:43:50.655863" elapsed="0.006307"/>
</kw>
<kw name="Log To Console" owner="BuiltIn">
<arg>ตัวเลือกใน Dropdown: ${text}</arg>
<doc>Logs the given message to the console.</doc>
<status status="PASS" start="2025-03-12T09:43:50.663166" elapsed="0.000000"/>
</kw>
<var name="${item}">&lt;selenium.webdriver.remote.webelement.WebElement (session="d59203386d21e16ef47c8ebc1756625d", element="f.299E9CC6A7BFF2FD85ADAEB3A8D7F1F2.d.ED2F5A4E4846C9100CC81FBDCFE31797.e.193")&gt;</var>
<status status="PASS" start="2025-03-12T09:43:50.655863" elapsed="0.007303"/>
</iter>
<var>${item}</var>
<value>@{items}</value>
<status status="PASS" start="2025-03-12T09:43:50.649358" elapsed="0.013808"/>
</for>
<kw name="Set Variable If" owner="BuiltIn">
<msg time="2025-03-12T09:43:50.663166" level="INFO">${lang_text} = 中国</msg>
<var>${lang_text}</var>
<arg>'${lang}' == 'th'</arg>
<arg>ไทย</arg>
<arg>'${lang}' == 'zh'</arg>
<arg>中国</arg>
<arg>'${lang}' == 'en'</arg>
<arg>English</arg>
<doc>Sets variable based on the given condition.</doc>
<status status="PASS" start="2025-03-12T09:43:50.663166" elapsed="0.000000"/>
</kw>
<kw name="Run Keyword And Return Status" owner="BuiltIn">
<kw name="Element Should Be Visible" owner="SeleniumLibrary">
<msg time="2025-03-12T09:43:50.679735" level="INFO">Element 'xpath=//a[contains(., '中国')]' is displayed.</msg>
<arg>xpath=//a[contains(., '${lang_text}')]</arg>
<doc>Verifies that the element identified by ``locator`` is visible.</doc>
<status status="PASS" start="2025-03-12T09:43:50.664163" elapsed="0.016574"/>
</kw>
<msg time="2025-03-12T09:43:50.680737" level="INFO">${lang_option} = True</msg>
<var>${lang_option}</var>
<arg>Element Should Be Visible</arg>
<arg>xpath=//a[contains(., '${lang_text}')]</arg>
<doc>Runs the given keyword with given arguments and returns the status as a Boolean value.</doc>
<status status="PASS" start="2025-03-12T09:43:50.664163" elapsed="0.016574"/>
</kw>
<kw name="Run Keyword If" owner="BuiltIn">
<kw name="Click Element" owner="SeleniumLibrary">
<msg time="2025-03-12T09:43:50.680737" level="INFO">Clicking element 'xpath=//a[contains(., '中国')]'.</msg>
<arg>xpath=//a[contains(., '${lang_text}')]</arg>
<doc>Click the element identified by ``locator``.</doc>
<status status="PASS" start="2025-03-12T09:43:50.680737" elapsed="0.738581"/>
</kw>
<arg>${lang_option}</arg>
<arg>Click Element</arg>
<arg>xpath=//a[contains(., '${lang_text}')]</arg>
<arg>ELSE</arg>
<arg>Fail</arg>
<arg>ไม่พบตัวเลือกภาษา ${lang_text} ใน dropdown</arg>
<doc>Runs the given keyword with the given arguments, if ``condition`` is true.</doc>
<status status="PASS" start="2025-03-12T09:43:50.680737" elapsed="0.738581"/>
</kw>
<kw name="Go To" owner="SeleniumLibrary">
<msg time="2025-03-12T09:43:51.420278" level="INFO">Opening url 'https://cs6sec267.cpkkuhost.com/programs'</msg>
<arg>${PROGRAMS_URL}</arg>
<doc>Navigates the current browser window to the provided ``url``.</doc>
<status status="PASS" start="2025-03-12T09:43:51.419318" elapsed="0.451249"/>
</kw>
<kw name="Set Variable If" owner="BuiltIn">
<msg time="2025-03-12T09:43:51.870567" level="INFO">${title_text} = 课程</msg>
<var>${title_text}</var>
<arg>'${lang}' == 'th'</arg>
<arg>หลักสูตร</arg>
<arg>'${lang}' == 'zh'</arg>
<arg>课程</arg>
<arg>'${lang}' == 'en'</arg>
<arg>Programs</arg>
<doc>Sets variable based on the given condition.</doc>
<status status="PASS" start="2025-03-12T09:43:51.870567" elapsed="0.000000"/>
</kw>
<kw name="Wait Until Page Contains" owner="SeleniumLibrary">
<arg>${title_text}</arg>
<arg>10s</arg>
<doc>Waits until ``text`` appears on the current page.</doc>
<status status="PASS" start="2025-03-12T09:43:51.871564" elapsed="0.014049"/>
</kw>
<kw name="Log To Console" owner="BuiltIn">
<arg>เปลี่ยนภาษาเป็น: ${lang}</arg>
<doc>Logs the given message to the console.</doc>
<status status="PASS" start="2025-03-12T09:43:51.885613" elapsed="0.001001"/>
</kw>
<arg>${lang}</arg>
<status status="PASS" start="2025-03-12T09:43:50.173177" elapsed="1.713437"/>
</kw>
<kw name="Run Keyword" owner="BuiltIn">
<kw name="Verify TC43">
<kw name="Set Variable If" owner="BuiltIn">
<msg time="2025-03-12T09:43:51.887647" level="INFO">${title_text} = 课程</msg>
<var>${title_text}</var>
<arg>'${lang}' == 'th'</arg>
<arg>หลักสูตร</arg>
<arg>'${lang}' == 'zh'</arg>
<arg>课程</arg>
<arg>'${lang}' == 'en'</arg>
<arg>Programs</arg>
<doc>Sets variable based on the given condition.</doc>
<status status="PASS" start="2025-03-12T09:43:51.887647" elapsed="0.000000"/>
</kw>
<kw name="Set Variable If" owner="BuiltIn">
<msg time="2025-03-12T09:43:51.887647" level="INFO">${add_text} = 添加程序</msg>
<var>${add_text}</var>
<arg>'${lang}' == 'th'</arg>
<arg>เพิ่มโปรแกรม</arg>
<arg>'${lang}' == 'zh'</arg>
<arg>添加程序</arg>
<arg>'${lang}' == 'en'</arg>
<arg>Add Program</arg>
<doc>Sets variable based on the given condition.</doc>
<status status="PASS" start="2025-03-12T09:43:51.887647" elapsed="0.000000"/>
</kw>
<kw name="Verify Page Language">
<kw name="Wait Until Page Contains" owner="SeleniumLibrary">
<arg>${expected_text}</arg>
<arg>10s</arg>
<doc>Waits until ``text`` appears on the current page.</doc>
<status status="PASS" start="2025-03-12T09:43:51.888614" elapsed="0.008976"/>
</kw>
<kw name="Log To Console" owner="BuiltIn">
<arg>ตรวจสอบข้อความในหน้า: ${expected_text}</arg>
<doc>Logs the given message to the console.</doc>
<status status="PASS" start="2025-03-12T09:43:51.898591" elapsed="0.000000"/>
</kw>
<arg>${title_text}</arg>
<status status="PASS" start="2025-03-12T09:43:51.887647" elapsed="0.010944"/>
</kw>
<kw name="Verify Page Language">
<kw name="Wait Until Page Contains" owner="SeleniumLibrary">
<arg>${expected_text}</arg>
<arg>10s</arg>
<doc>Waits until ``text`` appears on the current page.</doc>
<status status="PASS" start="2025-03-12T09:43:51.899587" elapsed="0.010981"/>
</kw>
<kw name="Log To Console" owner="BuiltIn">
<arg>ตรวจสอบข้อความในหน้า: ${expected_text}</arg>
<doc>Logs the given message to the console.</doc>
<status status="PASS" start="2025-03-12T09:43:51.911565" elapsed="0.000000"/>
</kw>
<arg>${add_text}</arg>
<status status="PASS" start="2025-03-12T09:43:51.898591" elapsed="0.012974"/>
</kw>
<arg>${lang}</arg>
<status status="PASS" start="2025-03-12T09:43:51.886614" elapsed="0.024951"/>
</kw>
<arg>${test_keyword}</arg>
<arg>${lang}</arg>
<doc>Executes the given keyword with the given arguments.</doc>
<status status="PASS" start="2025-03-12T09:43:51.886614" elapsed="0.024951"/>
</kw>
<var name="${lang}">zh</var>
<status status="PASS" start="2025-03-12T09:43:50.173177" elapsed="1.738388"/>
</iter>
<iter>
<kw name="Switch Language">
<kw name="Go To" owner="SeleniumLibrary">
<msg time="2025-03-12T09:43:51.912590" level="INFO">Opening url 'https://cs6sec267.cpkkuhost.com/dashboard'</msg>
<arg>${DASHBOARD_URL}</arg>
<doc>Navigates the current browser window to the provided ``url``.</doc>
<status status="PASS" start="2025-03-12T09:43:51.912590" elapsed="0.396662"/>
</kw>
<kw name="Wait Until Element Is Visible" owner="SeleniumLibrary">
<arg>xpath=//a[contains(@class, 'nav-link dropdown-toggle')]</arg>
<arg>5s</arg>
<doc>Waits until the element ``locator`` is visible.</doc>
<status status="PASS" start="2025-03-12T09:43:52.309252" elapsed="0.014428"/>
</kw>
<kw name="Click Element" owner="SeleniumLibrary">
<msg time="2025-03-12T09:43:52.325186" level="INFO">Clicking element 'xpath=//a[contains(@class, 'nav-link dropdown-toggle')]'.</msg>
<arg>xpath=//a[contains(@class, 'nav-link dropdown-toggle')]</arg>
<doc>Click the element identified by ``locator``.</doc>
<status status="PASS" start="2025-03-12T09:43:52.325186" elapsed="0.041909"/>
</kw>
<kw name="Wait Until Element Is Visible" owner="SeleniumLibrary">
<arg>xpath=//div[contains(@class, 'dropdown-menu')]</arg>
<arg>5s</arg>
<doc>Waits until the element ``locator`` is visible.</doc>
<status status="PASS" start="2025-03-12T09:43:52.368091" elapsed="0.011398"/>
</kw>
<kw name="Get WebElements" owner="SeleniumLibrary">
<msg time="2025-03-12T09:43:52.386024" level="INFO">${items} = [&lt;selenium.webdriver.remote.webelement.WebElement (session="d59203386d21e16ef47c8ebc1756625d", element="f.299E9CC6A7BFF2FD85ADAEB3A8D7F1F2.d.7527DDF1131E9F68B424F94A99A5BEE8.e.262")&gt;, &lt;selenium.webdri...</msg>
<var>${items}</var>
<arg>xpath=//div[contains(@class, 'dropdown-menu')]//a</arg>
<doc>Returns a list of WebElement objects matching the ``locator``.</doc>
<status status="PASS" start="2025-03-12T09:43:52.380515" elapsed="0.005509"/>
</kw>
<for flavor="IN">
<iter>
<kw name="Get Text" owner="SeleniumLibrary">
<msg time="2025-03-12T09:43:52.393071" level="INFO">${text} = English</msg>
<var>${text}</var>
<arg>${item}</arg>
<doc>Returns the text value of the element identified by ``locator``.</doc>
<status status="PASS" start="2025-03-12T09:43:52.387112" elapsed="0.005959"/>
</kw>
<kw name="Log To Console" owner="BuiltIn">
<arg>ตัวเลือกใน Dropdown: ${text}</arg>
<doc>Logs the given message to the console.</doc>
<status status="PASS" start="2025-03-12T09:43:52.393071" elapsed="0.000997"/>
</kw>
<var name="${item}">&lt;selenium.webdriver.remote.webelement.WebElement (session="d59203386d21e16ef47c8ebc1756625d", element="f.299E9CC6A7BFF2FD85ADAEB3A8D7F1F2.d.7527DDF1131E9F68B424F94A99A5BEE8.e.262")&gt;</var>
<status status="PASS" start="2025-03-12T09:43:52.387112" elapsed="0.006956"/>
</iter>
<iter>
<kw name="Get Text" owner="SeleniumLibrary">
<msg time="2025-03-12T09:43:52.400216" level="INFO">${text} = ไทย</msg>
<var>${text}</var>
<arg>${item}</arg>
<doc>Returns the text value of the element identified by ``locator``.</doc>
<status status="PASS" start="2025-03-12T09:43:52.394068" elapsed="0.006148"/>
</kw>
<kw name="Log To Console" owner="BuiltIn">
<arg>ตัวเลือกใน Dropdown: ${text}</arg>
<doc>Logs the given message to the console.</doc>
<status status="PASS" start="2025-03-12T09:43:52.400216" elapsed="0.000000"/>
</kw>
<var name="${item}">&lt;selenium.webdriver.remote.webelement.WebElement (session="d59203386d21e16ef47c8ebc1756625d", element="f.299E9CC6A7BFF2FD85ADAEB3A8D7F1F2.d.7527DDF1131E9F68B424F94A99A5BEE8.e.263")&gt;</var>
<status status="PASS" start="2025-03-12T09:43:52.394068" elapsed="0.006148"/>
</iter>
<var>${item}</var>
<value>@{items}</value>
<status status="PASS" start="2025-03-12T09:43:52.386024" elapsed="0.014192"/>
</for>
<kw name="Set Variable If" owner="BuiltIn">
<msg time="2025-03-12T09:43:52.401188" level="INFO">${lang_text} = English</msg>
<var>${lang_text}</var>
<arg>'${lang}' == 'th'</arg>
<arg>ไทย</arg>
<arg>'${lang}' == 'zh'</arg>
<arg>中国</arg>
<arg>'${lang}' == 'en'</arg>
<arg>English</arg>
<doc>Sets variable based on the given condition.</doc>
<status status="PASS" start="2025-03-12T09:43:52.401188" elapsed="0.000000"/>
</kw>
<kw name="Run Keyword And Return Status" owner="BuiltIn">
<kw name="Element Should Be Visible" owner="SeleniumLibrary">
<msg time="2025-03-12T09:43:52.420116" level="INFO">Element 'xpath=//a[contains(., 'English')]' is displayed.</msg>
<arg>xpath=//a[contains(., '${lang_text}')]</arg>
<doc>Verifies that the element identified by ``locator`` is visible.</doc>
<status status="PASS" start="2025-03-12T09:43:52.404180" elapsed="0.015936"/>
</kw>
<msg time="2025-03-12T09:43:52.420116" level="INFO">${lang_option} = True</msg>
<var>${lang_option}</var>
<arg>Element Should Be Visible</arg>
<arg>xpath=//a[contains(., '${lang_text}')]</arg>
<doc>Runs the given keyword with given arguments and returns the status as a Boolean value.</doc>
<status status="PASS" start="2025-03-12T09:43:52.401188" elapsed="0.018928"/>
</kw>
<kw name="Run Keyword If" owner="BuiltIn">
<kw name="Click Element" owner="SeleniumLibrary">
<msg time="2025-03-12T09:43:52.420116" level="INFO">Clicking element 'xpath=//a[contains(., 'English')]'.</msg>
<arg>xpath=//a[contains(., '${lang_text}')]</arg>
<doc>Click the element identified by ``locator``.</doc>
<status status="PASS" start="2025-03-12T09:43:52.420116" elapsed="0.724897"/>
</kw>
<arg>${lang_option}</arg>
<arg>Click Element</arg>
<arg>xpath=//a[contains(., '${lang_text}')]</arg>
<arg>ELSE</arg>
<arg>Fail</arg>
<arg>ไม่พบตัวเลือกภาษา ${lang_text} ใน dropdown</arg>
<doc>Runs the given keyword with the given arguments, if ``condition`` is true.</doc>
<status status="PASS" start="2025-03-12T09:43:52.420116" elapsed="0.724897"/>
</kw>
<kw name="Go To" owner="SeleniumLibrary">
<msg time="2025-03-12T09:43:53.145013" level="INFO">Opening url 'https://cs6sec267.cpkkuhost.com/programs'</msg>
<arg>${PROGRAMS_URL}</arg>
<doc>Navigates the current browser window to the provided ``url``.</doc>
<status status="PASS" start="2025-03-12T09:43:53.145013" elapsed="0.393399"/>
</kw>
<kw name="Set Variable If" owner="BuiltIn">
<msg time="2025-03-12T09:43:53.539412" level="INFO">${title_text} = Programs</msg>
<var>${title_text}</var>
<arg>'${lang}' == 'th'</arg>
<arg>หลักสูตร</arg>
<arg>'${lang}' == 'zh'</arg>
<arg>课程</arg>
<arg>'${lang}' == 'en'</arg>
<arg>Programs</arg>
<doc>Sets variable based on the given condition.</doc>
<status status="PASS" start="2025-03-12T09:43:53.538412" elapsed="0.001000"/>
</kw>
<kw name="Wait Until Page Contains" owner="SeleniumLibrary">
<arg>${title_text}</arg>
<arg>10s</arg>
<doc>Waits until ``text`` appears on the current page.</doc>
<status status="PASS" start="2025-03-12T09:43:53.539412" elapsed="0.012998"/>
</kw>
<kw name="Log To Console" owner="BuiltIn">
<arg>เปลี่ยนภาษาเป็น: ${lang}</arg>
<doc>Logs the given message to the console.</doc>
<status status="PASS" start="2025-03-12T09:43:53.552410" elapsed="0.001001"/>
</kw>
<arg>${lang}</arg>
<status status="PASS" start="2025-03-12T09:43:51.911565" elapsed="1.641846"/>
</kw>
<kw name="Run Keyword" owner="BuiltIn">
<kw name="Verify TC43">
<kw name="Set Variable If" owner="BuiltIn">
<msg time="2025-03-12T09:43:53.553411" level="INFO">${title_text} = Programs</msg>
<var>${title_text}</var>
<arg>'${lang}' == 'th'</arg>
<arg>หลักสูตร</arg>
<arg>'${lang}' == 'zh'</arg>
<arg>课程</arg>
<arg>'${lang}' == 'en'</arg>
<arg>Programs</arg>
<doc>Sets variable based on the given condition.</doc>
<status status="PASS" start="2025-03-12T09:43:53.553411" elapsed="0.001510"/>
</kw>
<kw name="Set Variable If" owner="BuiltIn">
<msg time="2025-03-12T09:43:53.554921" level="INFO">${add_text} = Add Program</msg>
<var>${add_text}</var>
<arg>'${lang}' == 'th'</arg>
<arg>เพิ่มโปรแกรม</arg>
<arg>'${lang}' == 'zh'</arg>
<arg>添加程序</arg>
<arg>'${lang}' == 'en'</arg>
<arg>Add Program</arg>
<doc>Sets variable based on the given condition.</doc>
<status status="PASS" start="2025-03-12T09:43:53.554921" elapsed="0.000000"/>
</kw>
<kw name="Verify Page Language">
<kw name="Wait Until Page Contains" owner="SeleniumLibrary">
<arg>${expected_text}</arg>
<arg>10s</arg>
<doc>Waits until ``text`` appears on the current page.</doc>
<status status="PASS" start="2025-03-12T09:43:53.555936" elapsed="0.008915"/>
</kw>
<kw name="Log To Console" owner="BuiltIn">
<arg>ตรวจสอบข้อความในหน้า: ${expected_text}</arg>
<doc>Logs the given message to the console.</doc>
<status status="PASS" start="2025-03-12T09:43:53.564851" elapsed="0.001029"/>
</kw>
<arg>${title_text}</arg>
<status status="PASS" start="2025-03-12T09:43:53.554921" elapsed="0.010959"/>
</kw>
<kw name="Verify Page Language">
<kw name="Wait Until Page Contains" owner="SeleniumLibrary">
<arg>${expected_text}</arg>
<arg>10s</arg>
<doc>Waits until ``text`` appears on the current page.</doc>
<status status="PASS" start="2025-03-12T09:43:53.565880" elapsed="0.011012"/>
</kw>
<kw name="Log To Console" owner="BuiltIn">
<arg>ตรวจสอบข้อความในหน้า: ${expected_text}</arg>
<doc>Logs the given message to the console.</doc>
<status status="PASS" start="2025-03-12T09:43:53.576892" elapsed="0.001000"/>
</kw>
<arg>${add_text}</arg>
<status status="PASS" start="2025-03-12T09:43:53.565880" elapsed="0.012012"/>
</kw>
<arg>${lang}</arg>
<status status="PASS" start="2025-03-12T09:43:53.553411" elapsed="0.024481"/>
</kw>
<arg>${test_keyword}</arg>
<arg>${lang}</arg>
<doc>Executes the given keyword with the given arguments.</doc>
<status status="PASS" start="2025-03-12T09:43:53.553411" elapsed="0.024481"/>
</kw>
<var name="${lang}">en</var>
<status status="PASS" start="2025-03-12T09:43:51.911565" elapsed="1.666327"/>
</iter>
<var>${lang}</var>
<value>@{LANGUAGES}</value>
<status status="PASS" start="2025-03-12T09:43:48.391600" elapsed="5.186292"/>
</for>
<arg>Verify TC43</arg>
<status status="PASS" start="2025-03-12T09:43:47.753020" elapsed="5.824872"/>
</kw>
<doc>ตรวจสอบภาษาส่วนต่างๆ ของ UI ที่ https://cs6sec267.cpkkuhost.com/programs</doc>
<status status="PASS" start="2025-03-12T09:43:47.751989" elapsed="5.826901"/>
</test>
<test id="s1-t2" name="TC42_ADMINPrograms_TableTranslation - ตรวจสอบภาษาในตาราง" line="340">
<kw name="Run Test For All Languages">
<kw name="Go To" owner="SeleniumLibrary">
<msg time="2025-03-12T09:43:53.580909" level="INFO">Opening url 'https://cs6sec267.cpkkuhost.com/programs'</msg>
<arg>${PROGRAMS_URL}</arg>
<doc>Navigates the current browser window to the provided ``url``.</doc>
<status status="PASS" start="2025-03-12T09:43:53.580909" elapsed="0.400210"/>
</kw>
<for flavor="IN">
<iter>
<kw name="Switch Language">
<kw name="Go To" owner="SeleniumLibrary">
<msg time="2025-03-12T09:43:53.982116" level="INFO">Opening url 'https://cs6sec267.cpkkuhost.com/dashboard'</msg>
<arg>${DASHBOARD_URL}</arg>
<doc>Navigates the current browser window to the provided ``url``.</doc>
<status status="PASS" start="2025-03-12T09:43:53.982116" elapsed="0.380408"/>
</kw>
<kw name="Wait Until Element Is Visible" owner="SeleniumLibrary">
<arg>xpath=//a[contains(@class, 'nav-link dropdown-toggle')]</arg>
<arg>5s</arg>
<doc>Waits until the element ``locator`` is visible.</doc>
<status status="PASS" start="2025-03-12T09:43:54.363521" elapsed="0.011849"/>
</kw>
<kw name="Click Element" owner="SeleniumLibrary">
<msg time="2025-03-12T09:43:54.376372" level="INFO">Clicking element 'xpath=//a[contains(@class, 'nav-link dropdown-toggle')]'.</msg>
<arg>xpath=//a[contains(@class, 'nav-link dropdown-toggle')]</arg>
<doc>Click the element identified by ``locator``.</doc>
<status status="PASS" start="2025-03-12T09:43:54.375370" elapsed="0.036662"/>
</kw>
<kw name="Wait Until Element Is Visible" owner="SeleniumLibrary">
<arg>xpath=//div[contains(@class, 'dropdown-menu')]</arg>
<arg>5s</arg>
<doc>Waits until the element ``locator`` is visible.</doc>
<status status="PASS" start="2025-03-12T09:43:54.412032" elapsed="0.011782"/>
</kw>
<kw name="Get WebElements" owner="SeleniumLibrary">
<msg time="2025-03-12T09:43:54.431647" level="INFO">${items} = [&lt;selenium.webdriver.remote.webelement.WebElement (session="d59203386d21e16ef47c8ebc1756625d", element="f.299E9CC6A7BFF2FD85ADAEB3A8D7F1F2.d.2ED525A11B6ADC277A4A74B15320CC2A.e.344")&gt;, &lt;selenium.webdri...</msg>
<var>${items}</var>
<arg>xpath=//div[contains(@class, 'dropdown-menu')]//a</arg>
<doc>Returns a list of WebElement objects matching the ``locator``.</doc>
<status status="PASS" start="2025-03-12T09:43:54.425320" elapsed="0.006327"/>
</kw>
<for flavor="IN">
<iter>
<kw name="Get Text" owner="SeleniumLibrary">
<msg time="2025-03-12T09:43:54.438218" level="INFO">${text} = ไทย</msg>
<var>${text}</var>
<arg>${item}</arg>
<doc>Returns the text value of the element identified by ``locator``.</doc>
<status status="PASS" start="2025-03-12T09:43:54.431647" elapsed="0.006571"/>
</kw>
<kw name="Log To Console" owner="BuiltIn">
<arg>ตัวเลือกใน Dropdown: ${text}</arg>
<doc>Logs the given message to the console.</doc>
<status status="PASS" start="2025-03-12T09:43:54.438218" elapsed="0.001023"/>
</kw>
<var name="${item}">&lt;selenium.webdriver.remote.webelement.WebElement (session="d59203386d21e16ef47c8ebc1756625d", element="f.299E9CC6A7BFF2FD85ADAEB3A8D7F1F2.d.2ED525A11B6ADC277A4A74B15320CC2A.e.344")&gt;</var>
<status status="PASS" start="2025-03-12T09:43:54.431647" elapsed="0.007594"/>
</iter>
<iter>
<kw name="Get Text" owner="SeleniumLibrary">
<msg time="2025-03-12T09:43:54.445320" level="INFO">${text} = 中国</msg>
<var>${text}</var>
<arg>${item}</arg>
<doc>Returns the text value of the element identified by ``locator``.</doc>
<status status="PASS" start="2025-03-12T09:43:54.439241" elapsed="0.006079"/>
</kw>
<kw name="Log To Console" owner="BuiltIn">
<arg>ตัวเลือกใน Dropdown: ${text}</arg>
<doc>Logs the given message to the console.</doc>
<status status="PASS" start="2025-03-12T09:43:54.445320" elapsed="0.001025"/>
</kw>
<var name="${item}">&lt;selenium.webdriver.remote.webelement.WebElement (session="d59203386d21e16ef47c8ebc1756625d", element="f.299E9CC6A7BFF2FD85ADAEB3A8D7F1F2.d.2ED525A11B6ADC277A4A74B15320CC2A.e.345")&gt;</var>
<status status="PASS" start="2025-03-12T09:43:54.439241" elapsed="0.007104"/>
</iter>
<var>${item}</var>
<value>@{items}</value>
<status status="PASS" start="2025-03-12T09:43:54.431647" elapsed="0.014698"/>
</for>
<kw name="Set Variable If" owner="BuiltIn">
<msg time="2025-03-12T09:43:54.446345" level="INFO">${lang_text} = ไทย</msg>
<var>${lang_text}</var>
<arg>'${lang}' == 'th'</arg>
<arg>ไทย</arg>
<arg>'${lang}' == 'zh'</arg>
<arg>中国</arg>
<arg>'${lang}' == 'en'</arg>
<arg>English</arg>
<doc>Sets variable based on the given condition.</doc>
<status status="PASS" start="2025-03-12T09:43:54.446345" elapsed="0.000000"/>
</kw>
<kw name="Run Keyword And Return Status" owner="BuiltIn">
<kw name="Element Should Be Visible" owner="SeleniumLibrary">
<msg time="2025-03-12T09:43:54.460425" level="INFO">Element 'xpath=//a[contains(., 'ไทย')]' is displayed.</msg>
<arg>xpath=//a[contains(., '${lang_text}')]</arg>
<doc>Verifies that the element identified by ``locator`` is visible.</doc>
<status status="PASS" start="2025-03-12T09:43:54.446345" elapsed="0.014080"/>
</kw>
<msg time="2025-03-12T09:43:54.460425" level="INFO">${lang_option} = True</msg>
<var>${lang_option}</var>
<arg>Element Should Be Visible</arg>
<arg>xpath=//a[contains(., '${lang_text}')]</arg>
<doc>Runs the given keyword with given arguments and returns the status as a Boolean value.</doc>
<status status="PASS" start="2025-03-12T09:43:54.446345" elapsed="0.014080"/>
</kw>
<kw name="Run Keyword If" owner="BuiltIn">
<kw name="Click Element" owner="SeleniumLibrary">
<msg time="2025-03-12T09:43:54.460425" level="INFO">Clicking element 'xpath=//a[contains(., 'ไทย')]'.</msg>
<arg>xpath=//a[contains(., '${lang_text}')]</arg>
<doc>Click the element identified by ``locator``.</doc>
<status status="PASS" start="2025-03-12T09:43:54.460425" elapsed="0.724512"/>
</kw>
<arg>${lang_option}</arg>
<arg>Click Element</arg>
<arg>xpath=//a[contains(., '${lang_text}')]</arg>
<arg>ELSE</arg>
<arg>Fail</arg>
<arg>ไม่พบตัวเลือกภาษา ${lang_text} ใน dropdown</arg>
<doc>Runs the given keyword with the given arguments, if ``condition`` is true.</doc>
<status status="PASS" start="2025-03-12T09:43:54.460425" elapsed="0.724512"/>
</kw>
<kw name="Go To" owner="SeleniumLibrary">
<msg time="2025-03-12T09:43:55.185956" level="INFO">Opening url 'https://cs6sec267.cpkkuhost.com/programs'</msg>
<arg>${PROGRAMS_URL}</arg>
<doc>Navigates the current browser window to the provided ``url``.</doc>
<status status="PASS" start="2025-03-12T09:43:55.184937" elapsed="0.397280"/>
</kw>
<kw name="Set Variable If" owner="BuiltIn">
<msg time="2025-03-12T09:43:55.582217" level="INFO">${title_text} = หลักสูตร</msg>
<var>${title_text}</var>
<arg>'${lang}' == 'th'</arg>
<arg>หลักสูตร</arg>
<arg>'${lang}' == 'zh'</arg>
<arg>课程</arg>
<arg>'${lang}' == 'en'</arg>
<arg>Programs</arg>
<doc>Sets variable based on the given condition.</doc>
<status status="PASS" start="2025-03-12T09:43:55.582217" elapsed="0.000000"/>
</kw>
<kw name="Wait Until Page Contains" owner="SeleniumLibrary">
<arg>${title_text}</arg>
<arg>10s</arg>
<doc>Waits until ``text`` appears on the current page.</doc>
<status status="PASS" start="2025-03-12T09:43:55.583214" elapsed="0.010482"/>
</kw>
<kw name="Log To Console" owner="BuiltIn">
<arg>เปลี่ยนภาษาเป็น: ${lang}</arg>
<doc>Logs the given message to the console.</doc>
<status status="PASS" start="2025-03-12T09:43:55.593696" elapsed="0.000000"/>
</kw>
<arg>${lang}</arg>
<status status="PASS" start="2025-03-12T09:43:53.982116" elapsed="1.611580"/>
</kw>
<kw name="Run Keyword" owner="BuiltIn">
<kw name="Verify TC42">
<kw name="Set Variable If" owner="BuiltIn">
<msg time="2025-03-12T09:43:55.596249" level="INFO">${id_text} = รหัส</msg>
<var>${id_text}</var>
<arg>'${lang}' == 'th'</arg>
<arg>รหัส</arg>
<arg>'${lang}' == 'zh'</arg>
<arg>编号</arg>
<arg>'${lang}' == 'en'</arg>
<arg>ID</arg>
<doc>Sets variable based on the given condition.</doc>
<status status="PASS" start="2025-03-12T09:43:55.596249" elapsed="0.000000"/>
</kw>
<kw name="Set Variable If" owner="BuiltIn">
<msg time="2025-03-12T09:43:55.597251" level="INFO">${name_th_text} = ชื่อหลักสูตร (TH)</msg>
<var>${name_th_text}</var>
<arg>'${lang}' == 'th'</arg>
<arg>ชื่อหลักสูตร (TH)</arg>
<arg>'${lang}' == 'zh'</arg>
<arg>课程名称 (泰语)</arg>
<arg>'${lang}' == 'en'</arg>
<arg>Program Name (Thai)</arg>
<doc>Sets variable based on the given condition.</doc>
<status status="PASS" start="2025-03-12T09:43:55.596249" elapsed="0.001002"/>
</kw>
<kw name="Set Variable If" owner="BuiltIn">
<msg time="2025-03-12T09:43:55.597251" level="INFO">${degree_text} = ระดับการศึกษา</msg>
<var>${degree_text}</var>
<arg>'${lang}' == 'th'</arg>
<arg>ระดับการศึกษา</arg>
<arg>'${lang}' == 'zh'</arg>
<arg>学历</arg>
<arg>'${lang}' == 'en'</arg>
<arg>Degree</arg>
<doc>Sets variable based on the given condition.</doc>
<status status="PASS" start="2025-03-12T09:43:55.597251" elapsed="0.000000"/>
</kw>
<kw name="Set Variable If" owner="BuiltIn">
<msg time="2025-03-12T09:43:55.598248" level="INFO">${action_text} = การกระทำ</msg>
<var>${action_text}</var>
<arg>'${lang}' == 'th'</arg>
<arg>การกระทำ</arg>
<arg>'${lang}' == 'zh'</arg>
<arg>操作</arg>
<arg>'${lang}' == 'en'</arg>
<arg>Action</arg>
<doc>Sets variable based on the given condition.</doc>
<status status="PASS" start="2025-03-12T09:43:55.598248" elapsed="0.000000"/>
</kw>
<kw name="Verify Table Header">
<kw name="Wait Until Element Is Visible" owner="SeleniumLibrary">
<arg>xpath=//table[@id='example1']//thead//th[${column}]</arg>
<arg>5s</arg>
<doc>Waits until the element ``locator`` is visible.</doc>
<status status="PASS" start="2025-03-12T09:43:55.598248" elapsed="0.017063"/>
</kw>
<kw name="Get Text" owner="SeleniumLibrary">
<msg time="2025-03-12T09:43:55.630286" level="INFO">${actual_text} = รหัส</msg>
<var>${actual_text}</var>
<arg>xpath=//table[@id='example1']//thead//th[${column}]</arg>
<doc>Returns the text value of the element identified by ``locator``.</doc>
<status status="PASS" start="2025-03-12T09:43:55.616352" elapsed="0.013934"/>
</kw>
<kw name="Should Be Equal As Strings" owner="BuiltIn">
<arg>${actual_text}</arg>
<arg>${expected_text}</arg>
<doc>Fails if objects are unequal after converting them to strings.</doc>
<status status="PASS" start="2025-03-12T09:43:55.630286" elapsed="0.000000"/>
</kw>
<kw name="Log To Console" owner="BuiltIn">
<arg>ตรวจสอบหัวตารางคอลัมน์ ${column}: ${expected_text}</arg>
<doc>Logs the given message to the console.</doc>
<status status="PASS" start="2025-03-12T09:43:55.630286" elapsed="0.000000"/>
</kw>
<arg>1</arg>
<arg>${id_text}</arg>
<status status="PASS" start="2025-03-12T09:43:55.598248" elapsed="0.032038"/>
</kw>
<kw name="Verify Table Header">
<kw name="Wait Until Element Is Visible" owner="SeleniumLibrary">
<arg>xpath=//table[@id='example1']//thead//th[${column}]</arg>
<arg>5s</arg>
<doc>Waits until the element ``locator`` is visible.</doc>
<status status="PASS" start="2025-03-12T09:43:55.631284" elapsed="0.014847"/>
</kw>
<kw name="Get Text" owner="SeleniumLibrary">
<msg time="2025-03-12T09:43:55.658210" level="INFO">${actual_text} = ชื่อหลักสูตร (TH)</msg>
<var>${actual_text}</var>
<arg>xpath=//table[@id='example1']//thead//th[${column}]</arg>
<doc>Returns the text value of the element identified by ``locator``.</doc>
<status status="PASS" start="2025-03-12T09:43:55.646131" elapsed="0.012079"/>
</kw>
<kw name="Should Be Equal As Strings" owner="BuiltIn">
<arg>${actual_text}</arg>
<arg>${expected_text}</arg>
<doc>Fails if objects are unequal after converting them to strings.</doc>
<status status="PASS" start="2025-03-12T09:43:55.658210" elapsed="0.000997"/>
</kw>
<kw name="Log To Console" owner="BuiltIn">
<arg>ตรวจสอบหัวตารางคอลัมน์ ${column}: ${expected_text}</arg>
<doc>Logs the given message to the console.</doc>
<status status="PASS" start="2025-03-12T09:43:55.659207" elapsed="0.000000"/>
</kw>
<arg>2</arg>
<arg>${name_th_text}</arg>
<status status="PASS" start="2025-03-12T09:43:55.631284" elapsed="0.027923"/>
</kw>
<kw name="Verify Table Header">
<kw name="Wait Until Element Is Visible" owner="SeleniumLibrary">
<arg>xpath=//table[@id='example1']//thead//th[${column}]</arg>
<arg>5s</arg>
<doc>Waits until the element ``locator`` is visible.</doc>
<status status="PASS" start="2025-03-12T09:43:55.660206" elapsed="0.014648"/>
</kw>
<kw name="Get Text" owner="SeleniumLibrary">
<msg time="2025-03-12T09:43:55.687118" level="INFO">${actual_text} = ระดับการศึกษา</msg>
<var>${actual_text}</var>
<arg>xpath=//table[@id='example1']//thead//th[${column}]</arg>
<doc>Returns the text value of the element identified by ``locator``.</doc>
<status status="PASS" start="2025-03-12T09:43:55.675978" elapsed="0.011140"/>
</kw>
<kw name="Should Be Equal As Strings" owner="BuiltIn">
<arg>${actual_text}</arg>
<arg>${expected_text}</arg>
<doc>Fails if objects are unequal after converting them to strings.</doc>
<status status="PASS" start="2025-03-12T09:43:55.688119" elapsed="0.000000"/>
</kw>
<kw name="Log To Console" owner="BuiltIn">
<arg>ตรวจสอบหัวตารางคอลัมน์ ${column}: ${expected_text}</arg>
<doc>Logs the given message to the console.</doc>
<status status="PASS" start="2025-03-12T09:43:55.688119" elapsed="0.000000"/>
</kw>
<arg>3</arg>
<arg>${degree_text}</arg>
<status status="PASS" start="2025-03-12T09:43:55.659207" elapsed="0.028912"/>
</kw>
<kw name="Verify Table Header">
<kw name="Wait Until Element Is Visible" owner="SeleniumLibrary">
<arg>xpath=//table[@id='example1']//thead//th[${column}]</arg>
<arg>5s</arg>
<doc>Waits until the element ``locator`` is visible.</doc>
<status status="PASS" start="2025-03-12T09:43:55.689116" elapsed="0.014975"/>
</kw>
<kw name="Get Text" owner="SeleniumLibrary">
<msg time="2025-03-12T09:43:55.715570" level="INFO">${actual_text} = การกระทำ</msg>
<var>${actual_text}</var>
<arg>xpath=//table[@id='example1']//thead//th[${column}]</arg>
<doc>Returns the text value of the element identified by ``locator``.</doc>
<status status="PASS" start="2025-03-12T09:43:55.704091" elapsed="0.011479"/>
</kw>
<kw name="Should Be Equal As Strings" owner="BuiltIn">
<arg>${actual_text}</arg>
<arg>${expected_text}</arg>
<doc>Fails if objects are unequal after converting them to strings.</doc>
<status status="PASS" start="2025-03-12T09:43:55.716650" elapsed="0.000000"/>
</kw>
<kw name="Log To Console" owner="BuiltIn">
<arg>ตรวจสอบหัวตารางคอลัมน์ ${column}: ${expected_text}</arg>
<doc>Logs the given message to the console.</doc>
<status status="PASS" start="2025-03-12T09:43:55.716650" elapsed="0.000000"/>
</kw>
<arg>4</arg>
<arg>${action_text}</arg>
<status status="PASS" start="2025-03-12T09:43:55.688119" elapsed="0.028531"/>
</kw>
<arg>${lang}</arg>
<status status="PASS" start="2025-03-12T09:43:55.595204" elapsed="0.121446"/>
</kw>
<arg>${test_keyword}</arg>
<arg>${lang}</arg>
<doc>Executes the given keyword with the given arguments.</doc>
<status status="PASS" start="2025-03-12T09:43:55.593696" elapsed="0.122954"/>
</kw>
<var name="${lang}">th</var>
<status status="PASS" start="2025-03-12T09:43:53.981119" elapsed="1.735531"/>
</iter>
<iter>
<kw name="Switch Language">
<kw name="Go To" owner="SeleniumLibrary">
<msg time="2025-03-12T09:43:55.717651" level="INFO">Opening url 'https://cs6sec267.cpkkuhost.com/dashboard'</msg>
<arg>${DASHBOARD_URL}</arg>
<doc>Navigates the current browser window to the provided ``url``.</doc>
<status status="PASS" start="2025-03-12T09:43:55.717651" elapsed="0.383552"/>
</kw>
<kw name="Wait Until Element Is Visible" owner="SeleniumLibrary">
<arg>xpath=//a[contains(@class, 'nav-link dropdown-toggle')]</arg>
<arg>5s</arg>
<doc>Waits until the element ``locator`` is visible.</doc>
<status status="PASS" start="2025-03-12T09:43:56.101203" elapsed="0.013864"/>
</kw>
<kw name="Click Element" owner="SeleniumLibrary">
<msg time="2025-03-12T09:43:56.115570" level="INFO">Clicking element 'xpath=//a[contains(@class, 'nav-link dropdown-toggle')]'.</msg>
<arg>xpath=//a[contains(@class, 'nav-link dropdown-toggle')]</arg>
<doc>Click the element identified by ``locator``.</doc>
<status status="PASS" start="2025-03-12T09:43:56.115067" elapsed="0.035187"/>
</kw>
<kw name="Wait Until Element Is Visible" owner="SeleniumLibrary">
<arg>xpath=//div[contains(@class, 'dropdown-menu')]</arg>
<arg>5s</arg>
<doc>Waits until the element ``locator`` is visible.</doc>
<status status="PASS" start="2025-03-12T09:43:56.150254" elapsed="0.012986"/>
</kw>
<kw name="Get WebElements" owner="SeleniumLibrary">
<msg time="2025-03-12T09:43:56.169237" level="INFO">${items} = [&lt;selenium.webdriver.remote.webelement.WebElement (session="d59203386d21e16ef47c8ebc1756625d", element="f.299E9CC6A7BFF2FD85ADAEB3A8D7F1F2.d.116B1E747E2E81784831EFA7FFCEBAC3.e.430")&gt;, &lt;selenium.webdri...</msg>
<var>${items}</var>
<arg>xpath=//div[contains(@class, 'dropdown-menu')]//a</arg>
<doc>Returns a list of WebElement objects matching the ``locator``.</doc>
<status status="PASS" start="2025-03-12T09:43:56.163240" elapsed="0.005997"/>
</kw>
<for flavor="IN">
<iter>
<kw name="Get Text" owner="SeleniumLibrary">
<msg time="2025-03-12T09:43:56.181899" level="INFO">${text} = English</msg>
<var>${text}</var>
<arg>${item}</arg>
<doc>Returns the text value of the element identified by ``locator``.</doc>
<status status="PASS" start="2025-03-12T09:43:56.170235" elapsed="0.011664"/>
</kw>
<kw name="Log To Console" owner="BuiltIn">
<arg>ตัวเลือกใน Dropdown: ${text}</arg>
<doc>Logs the given message to the console.</doc>
<status status="PASS" start="2025-03-12T09:43:56.181899" elapsed="0.000000"/>
</kw>
<var name="${item}">&lt;selenium.webdriver.remote.webelement.WebElement (session="d59203386d21e16ef47c8ebc1756625d", element="f.299E9CC6A7BFF2FD85ADAEB3A8D7F1F2.d.116B1E747E2E81784831EFA7FFCEBAC3.e.430")&gt;</var>
<status status="PASS" start="2025-03-12T09:43:56.170235" elapsed="0.011664"/>
</iter>
<iter>
<kw name="Get Text" owner="SeleniumLibrary">
<msg time="2025-03-12T09:43:56.188980" level="INFO">${text} = 中国</msg>
<var>${text}</var>
<arg>${item}</arg>
<doc>Returns the text value of the element identified by ``locator``.</doc>
<status status="PASS" start="2025-03-12T09:43:56.181899" elapsed="0.007081"/>
</kw>
<kw name="Log To Console" owner="BuiltIn">
<arg>ตัวเลือกใน Dropdown: ${text}</arg>
<doc>Logs the given message to the console.</doc>
<status status="PASS" start="2025-03-12T09:43:56.188980" elapsed="0.000997"/>
</kw>
<var name="${item}">&lt;selenium.webdriver.remote.webelement.WebElement (session="d59203386d21e16ef47c8ebc1756625d", element="f.299E9CC6A7BFF2FD85ADAEB3A8D7F1F2.d.116B1E747E2E81784831EFA7FFCEBAC3.e.431")&gt;</var>
<status status="PASS" start="2025-03-12T09:43:56.181899" elapsed="0.008078"/>
</iter>
<var>${item}</var>
<value>@{items}</value>
<status status="PASS" start="2025-03-12T09:43:56.169237" elapsed="0.020740"/>
</for>
<kw name="Set Variable If" owner="BuiltIn">
<msg time="2025-03-12T09:43:56.189977" level="INFO">${lang_text} = 中国</msg>
<var>${lang_text}</var>
<arg>'${lang}' == 'th'</arg>
<arg>ไทย</arg>
<arg>'${lang}' == 'zh'</arg>
<arg>中国</arg>
<arg>'${lang}' == 'en'</arg>
<arg>English</arg>
<doc>Sets variable based on the given condition.</doc>
<status status="PASS" start="2025-03-12T09:43:56.189977" elapsed="0.000000"/>
</kw>
<kw name="Run Keyword And Return Status" owner="BuiltIn">
<kw name="Element Should Be Visible" owner="SeleniumLibrary">
<msg time="2025-03-12T09:43:56.203453" level="INFO">Element 'xpath=//a[contains(., '中国')]' is displayed.</msg>
<arg>xpath=//a[contains(., '${lang_text}')]</arg>
<doc>Verifies that the element identified by ``locator`` is visible.</doc>
<status status="PASS" start="2025-03-12T09:43:56.189977" elapsed="0.013476"/>
</kw>
<msg time="2025-03-12T09:43:56.203453" level="INFO">${lang_option} = True</msg>
<var>${lang_option}</var>
<arg>Element Should Be Visible</arg>
<arg>xpath=//a[contains(., '${lang_text}')]</arg>
<doc>Runs the given keyword with given arguments and returns the status as a Boolean value.</doc>
<status status="PASS" start="2025-03-12T09:43:56.189977" elapsed="0.013476"/>
</kw>
<kw name="Run Keyword If" owner="BuiltIn">
<kw name="Click Element" owner="SeleniumLibrary">
<msg time="2025-03-12T09:43:56.203453" level="INFO">Clicking element 'xpath=//a[contains(., '中国')]'.</msg>
<arg>xpath=//a[contains(., '${lang_text}')]</arg>
<doc>Click the element identified by ``locator``.</doc>
<status status="PASS" start="2025-03-12T09:43:56.203453" elapsed="0.707468"/>
</kw>
<arg>${lang_option}</arg>
<arg>Click Element</arg>
<arg>xpath=//a[contains(., '${lang_text}')]</arg>
<arg>ELSE</arg>
<arg>Fail</arg>
<arg>ไม่พบตัวเลือกภาษา ${lang_text} ใน dropdown</arg>
<doc>Runs the given keyword with the given arguments, if ``condition`` is true.</doc>
<status status="PASS" start="2025-03-12T09:43:56.203453" elapsed="0.707468"/>
</kw>
<kw name="Go To" owner="SeleniumLibrary">
<msg time="2025-03-12T09:43:56.911916" level="INFO">Opening url 'https://cs6sec267.cpkkuhost.com/programs'</msg>
<arg>${PROGRAMS_URL}</arg>
<doc>Navigates the current browser window to the provided ``url``.</doc>
<status status="PASS" start="2025-03-12T09:43:56.911916" elapsed="0.410292"/>
</kw>
<kw name="Set Variable If" owner="BuiltIn">
<msg time="2025-03-12T09:43:57.322208" level="INFO">${title_text} = 课程</msg>
<var>${title_text}</var>
<arg>'${lang}' == 'th'</arg>
<arg>หลักสูตร</arg>
<arg>'${lang}' == 'zh'</arg>
<arg>课程</arg>
<arg>'${lang}' == 'en'</arg>
<arg>Programs</arg>
<doc>Sets variable based on the given condition.</doc>
<status status="PASS" start="2025-03-12T09:43:57.322208" elapsed="0.000000"/>
</kw>
<kw name="Wait Until Page Contains" owner="SeleniumLibrary">
<arg>${title_text}</arg>
<arg>10s</arg>
<doc>Waits until ``text`` appears on the current page.</doc>
<status status="PASS" start="2025-03-12T09:43:57.323205" elapsed="0.010476"/>
</kw>
<kw name="Log To Console" owner="BuiltIn">
<arg>เปลี่ยนภาษาเป็น: ${lang}</arg>
<doc>Logs the given message to the console.</doc>
<status status="PASS" start="2025-03-12T09:43:57.333681" elapsed="0.001595"/>
</kw>
<arg>${lang}</arg>
<status status="PASS" start="2025-03-12T09:43:55.717651" elapsed="1.617625"/>
</kw>
<kw name="Run Keyword" owner="BuiltIn">
<kw name="Verify TC42">
<kw name="Set Variable If" owner="BuiltIn">
<msg time="2025-03-12T09:43:57.337274" level="INFO">${id_text} = 编号</msg>
<var>${id_text}</var>
<arg>'${lang}' == 'th'</arg>
<arg>รหัส</arg>
<arg>'${lang}' == 'zh'</arg>
<arg>编号</arg>
<arg>'${lang}' == 'en'</arg>
<arg>ID</arg>
<doc>Sets variable based on the given condition.</doc>
<status status="PASS" start="2025-03-12T09:43:57.337274" elapsed="0.000000"/>
</kw>
<kw name="Set Variable If" owner="BuiltIn">
<msg time="2025-03-12T09:43:57.338268" level="INFO">${name_th_text} = 课程名称 (泰语)</msg>
<var>${name_th_text}</var>
<arg>'${lang}' == 'th'</arg>
<arg>ชื่อหลักสูตร (TH)</arg>
<arg>'${lang}' == 'zh'</arg>
<arg>课程名称 (泰语)</arg>
<arg>'${lang}' == 'en'</arg>
<arg>Program Name (Thai)</arg>
<doc>Sets variable based on the given condition.</doc>
<status status="PASS" start="2025-03-12T09:43:57.337274" elapsed="0.000994"/>
</kw>
<kw name="Set Variable If" owner="BuiltIn">
<msg time="2025-03-12T09:43:57.338268" level="INFO">${degree_text} = 学历</msg>
<var>${degree_text}</var>
<arg>'${lang}' == 'th'</arg>
<arg>ระดับการศึกษา</arg>
<arg>'${lang}' == 'zh'</arg>
<arg>学历</arg>
<arg>'${lang}' == 'en'</arg>
<arg>Degree</arg>
<doc>Sets variable based on the given condition.</doc>
<status status="PASS" start="2025-03-12T09:43:57.338268" elapsed="0.000000"/>
</kw>
<kw name="Set Variable If" owner="BuiltIn">
<msg time="2025-03-12T09:43:57.338268" level="INFO">${action_text} = 操作</msg>
<var>${action_text}</var>
<arg>'${lang}' == 'th'</arg>
<arg>การกระทำ</arg>
<arg>'${lang}' == 'zh'</arg>
<arg>操作</arg>
<arg>'${lang}' == 'en'</arg>
<arg>Action</arg>
<doc>Sets variable based on the given condition.</doc>
<status status="PASS" start="2025-03-12T09:43:57.338268" elapsed="0.000999"/>
</kw>
<kw name="Verify Table Header">
<kw name="Wait Until Element Is Visible" owner="SeleniumLibrary">
<arg>xpath=//table[@id='example1']//thead//th[${column}]</arg>
<arg>5s</arg>
<doc>Waits until the element ``locator`` is visible.</doc>
<status status="PASS" start="2025-03-12T09:43:57.339267" elapsed="0.012083"/>
</kw>
<kw name="Get Text" owner="SeleniumLibrary">
<msg time="2025-03-12T09:43:57.364178" level="INFO">${actual_text} = 编号</msg>
<var>${actual_text}</var>
<arg>xpath=//table[@id='example1']//thead//th[${column}]</arg>
<doc>Returns the text value of the element identified by ``locator``.</doc>
<status status="PASS" start="2025-03-12T09:43:57.351350" elapsed="0.012828"/>
</kw>
<kw name="Should Be Equal As Strings" owner="BuiltIn">
<arg>${actual_text}</arg>
<arg>${expected_text}</arg>
<doc>Fails if objects are unequal after converting them to strings.</doc>
<status status="PASS" start="2025-03-12T09:43:57.364178" elapsed="0.001027"/>
</kw>
<kw name="Log To Console" owner="BuiltIn">
<arg>ตรวจสอบหัวตารางคอลัมน์ ${column}: ${expected_text}</arg>
<doc>Logs the given message to the console.</doc>
<status status="PASS" start="2025-03-12T09:43:57.365205" elapsed="0.000000"/>
</kw>
<arg>1</arg>
<arg>${id_text}</arg>
<status status="PASS" start="2025-03-12T09:43:57.339267" elapsed="0.025938"/>
</kw>
<kw name="Verify Table Header">
<kw name="Wait Until Element Is Visible" owner="SeleniumLibrary">
<arg>xpath=//table[@id='example1']//thead//th[${column}]</arg>
<arg>5s</arg>
<doc>Waits until the element ``locator`` is visible.</doc>
<status status="PASS" start="2025-03-12T09:43:57.365205" elapsed="0.012445"/>
</kw>
<kw name="Get Text" owner="SeleniumLibrary">
<msg time="2025-03-12T09:43:57.391080" level="INFO">${actual_text} = 课程名称 (泰语)</msg>
<var>${actual_text}</var>
<arg>xpath=//table[@id='example1']//thead//th[${column}]</arg>
<doc>Returns the text value of the element identified by ``locator``.</doc>
<status status="PASS" start="2025-03-12T09:43:57.377650" elapsed="0.013430"/>
</kw>
<kw name="Should Be Equal As Strings" owner="BuiltIn">
<arg>${actual_text}</arg>
<arg>${expected_text}</arg>
<doc>Fails if objects are unequal after converting them to strings.</doc>
<status status="PASS" start="2025-03-12T09:43:57.391080" elapsed="0.000000"/>
</kw>
<kw name="Log To Console" owner="BuiltIn">
<arg>ตรวจสอบหัวตารางคอลัมน์ ${column}: ${expected_text}</arg>
<doc>Logs the given message to the console.</doc>
<status status="PASS" start="2025-03-12T09:43:57.391080" elapsed="0.000996"/>
</kw>
<arg>2</arg>
<arg>${name_th_text}</arg>
<status status="PASS" start="2025-03-12T09:43:57.365205" elapsed="0.026871"/>
</kw>
<kw name="Verify Table Header">
<kw name="Wait Until Element Is Visible" owner="SeleniumLibrary">
<arg>xpath=//table[@id='example1']//thead//th[${column}]</arg>
<arg>5s</arg>
<doc>Waits until the element ``locator`` is visible.</doc>
<status status="PASS" start="2025-03-12T09:43:57.392076" elapsed="0.016527"/>
</kw>
<kw name="Get Text" owner="SeleniumLibrary">
<msg time="2025-03-12T09:43:57.424090" level="INFO">${actual_text} = 学历</msg>
<var>${actual_text}</var>
<arg>xpath=//table[@id='example1']//thead//th[${column}]</arg>
<doc>Returns the text value of the element identified by ``locator``.</doc>
<status status="PASS" start="2025-03-12T09:43:57.408603" elapsed="0.015487"/>
</kw>
<kw name="Should Be Equal As Strings" owner="BuiltIn">
<arg>${actual_text}</arg>
<arg>${expected_text}</arg>
<doc>Fails if objects are unequal after converting them to strings.</doc>
<status status="PASS" start="2025-03-12T09:43:57.424090" elapsed="0.000000"/>
</kw>
<kw name="Log To Console" owner="BuiltIn">
<arg>ตรวจสอบหัวตารางคอลัมน์ ${column}: ${expected_text}</arg>
<doc>Logs the given message to the console.</doc>
<status status="PASS" start="2025-03-12T09:43:57.424090" elapsed="0.000996"/>
</kw>
<arg>3</arg>
<arg>${degree_text}</arg>
<status status="PASS" start="2025-03-12T09:43:57.392076" elapsed="0.033010"/>
</kw>
<kw name="Verify Table Header">
<kw name="Wait Until Element Is Visible" owner="SeleniumLibrary">
<arg>xpath=//table[@id='example1']//thead//th[${column}]</arg>
<arg>5s</arg>
<doc>Waits until the element ``locator`` is visible.</doc>
<status status="PASS" start="2025-03-12T09:43:57.425086" elapsed="0.016370"/>
</kw>
<kw name="Get Text" owner="SeleniumLibrary">
<msg time="2025-03-12T09:43:57.457412" level="INFO">${actual_text} = 操作</msg>
<var>${actual_text}</var>
<arg>xpath=//table[@id='example1']//thead//th[${column}]</arg>
<doc>Returns the text value of the element identified by ``locator``.</doc>
<status status="PASS" start="2025-03-12T09:43:57.441456" elapsed="0.015956"/>
</kw>
<kw name="Should Be Equal As Strings" owner="BuiltIn">
<arg>${actual_text}</arg>
<arg>${expected_text}</arg>
<doc>Fails if objects are unequal after converting them to strings.</doc>
<status status="PASS" start="2025-03-12T09:43:57.457412" elapsed="0.000995"/>
</kw>
<kw name="Log To Console" owner="BuiltIn">
<arg>ตรวจสอบหัวตารางคอลัมน์ ${column}: ${expected_text}</arg>
<doc>Logs the given message to the console.</doc>
<status status="PASS" start="2025-03-12T09:43:57.458407" elapsed="0.000000"/>
</kw>
<arg>4</arg>
<arg>${action_text}</arg>
<status status="PASS" start="2025-03-12T09:43:57.425086" elapsed="0.034318"/>
</kw>
<arg>${lang}</arg>
<status status="PASS" start="2025-03-12T09:43:57.336274" elapsed="0.123130"/>
</kw>
<arg>${test_keyword}</arg>
<arg>${lang}</arg>
<doc>Executes the given keyword with the given arguments.</doc>
<status status="PASS" start="2025-03-12T09:43:57.335276" elapsed="0.124128"/>
</kw>
<var name="${lang}">zh</var>
<status status="PASS" start="2025-03-12T09:43:55.717651" elapsed="1.741753"/>
</iter>
<iter>
<kw name="Switch Language">
<kw name="Go To" owner="SeleniumLibrary">
<msg time="2025-03-12T09:43:57.460403" level="INFO">Opening url 'https://cs6sec267.cpkkuhost.com/dashboard'</msg>
<arg>${DASHBOARD_URL}</arg>
<doc>Navigates the current browser window to the provided ``url``.</doc>
<status status="PASS" start="2025-03-12T09:43:57.459404" elapsed="0.391737"/>
</kw>
<kw name="Wait Until Element Is Visible" owner="SeleniumLibrary">
<arg>xpath=//a[contains(@class, 'nav-link dropdown-toggle')]</arg>
<arg>5s</arg>
<doc>Waits until the element ``locator`` is visible.</doc>
<status status="PASS" start="2025-03-12T09:43:57.852135" elapsed="0.016010"/>
</kw>
<kw name="Click Element" owner="SeleniumLibrary">
<msg time="2025-03-12T09:43:57.868145" level="INFO">Clicking element 'xpath=//a[contains(@class, 'nav-link dropdown-toggle')]'.</msg>
<arg>xpath=//a[contains(@class, 'nav-link dropdown-toggle')]</arg>
<doc>Click the element identified by ``locator``.</doc>
<status status="PASS" start="2025-03-12T09:43:57.868145" elapsed="0.036736"/>
</kw>
<kw name="Wait Until Element Is Visible" owner="SeleniumLibrary">
<arg>xpath=//div[contains(@class, 'dropdown-menu')]</arg>
<arg>5s</arg>
<doc>Waits until the element ``locator`` is visible.</doc>
<status status="PASS" start="2025-03-12T09:43:57.905892" elapsed="0.011380"/>
</kw>
<kw name="Get WebElements" owner="SeleniumLibrary">
<msg time="2025-03-12T09:43:57.923394" level="INFO">${items} = [&lt;selenium.webdriver.remote.webelement.WebElement (session="d59203386d21e16ef47c8ebc1756625d", element="f.299E9CC6A7BFF2FD85ADAEB3A8D7F1F2.d.9478BEF79746002C5125BEB3FD84EB0A.e.502")&gt;, &lt;selenium.webdri...</msg>
<var>${items}</var>
<arg>xpath=//div[contains(@class, 'dropdown-menu')]//a</arg>
<doc>Returns a list of WebElement objects matching the ``locator``.</doc>
<status status="PASS" start="2025-03-12T09:43:57.917272" elapsed="0.006122"/>
</kw>
<for flavor="IN">
<iter>
<kw name="Get Text" owner="SeleniumLibrary">
<msg time="2025-03-12T09:43:57.930950" level="INFO">${text} = English</msg>
<var>${text}</var>
<arg>${item}</arg>
<doc>Returns the text value of the element identified by ``locator``.</doc>
<status status="PASS" start="2025-03-12T09:43:57.923394" elapsed="0.007556"/>
</kw>
<kw name="Log To Console" owner="BuiltIn">
<arg>ตัวเลือกใน Dropdown: ${text}</arg>
<doc>Logs the given message to the console.</doc>
<status status="PASS" start="2025-03-12T09:43:57.930950" elapsed="0.000000"/>
</kw>
<var name="${item}">&lt;selenium.webdriver.remote.webelement.WebElement (session="d59203386d21e16ef47c8ebc1756625d", element="f.299E9CC6A7BFF2FD85ADAEB3A8D7F1F2.d.9478BEF79746002C5125BEB3FD84EB0A.e.502")&gt;</var>
<status status="PASS" start="2025-03-12T09:43:57.923394" elapsed="0.007556"/>
</iter>
<iter>
<kw name="Get Text" owner="SeleniumLibrary">
<msg time="2025-03-12T09:43:57.937939" level="INFO">${text} = ไทย</msg>
<var>${text}</var>
<arg>${item}</arg>
<doc>Returns the text value of the element identified by ``locator``.</doc>
<status status="PASS" start="2025-03-12T09:43:57.931948" elapsed="0.005991"/>
</kw>
<kw name="Log To Console" owner="BuiltIn">
<arg>ตัวเลือกใน Dropdown: ${text}</arg>
<doc>Logs the given message to the console.</doc>
<status status="PASS" start="2025-03-12T09:43:57.937939" elapsed="0.000000"/>
</kw>
<var name="${item}">&lt;selenium.webdriver.remote.webelement.WebElement (session="d59203386d21e16ef47c8ebc1756625d", element="f.299E9CC6A7BFF2FD85ADAEB3A8D7F1F2.d.9478BEF79746002C5125BEB3FD84EB0A.e.503")&gt;</var>
<status status="PASS" start="2025-03-12T09:43:57.931948" elapsed="0.005991"/>
</iter>
<var>${item}</var>
<value>@{items}</value>
<status status="PASS" start="2025-03-12T09:43:57.923394" elapsed="0.015539"/>
</for>
<kw name="Set Variable If" owner="BuiltIn">
<msg time="2025-03-12T09:43:57.938933" level="INFO">${lang_text} = English</msg>
<var>${lang_text}</var>
<arg>'${lang}' == 'th'</arg>
<arg>ไทย</arg>
<arg>'${lang}' == 'zh'</arg>
<arg>中国</arg>
<arg>'${lang}' == 'en'</arg>
<arg>English</arg>
<doc>Sets variable based on the given condition.</doc>
<status status="PASS" start="2025-03-12T09:43:57.938933" elapsed="0.000000"/>
</kw>
<kw name="Run Keyword And Return Status" owner="BuiltIn">
<kw name="Element Should Be Visible" owner="SeleniumLibrary">
<msg time="2025-03-12T09:43:57.951131" level="INFO">Element 'xpath=//a[contains(., 'English')]' is displayed.</msg>
<arg>xpath=//a[contains(., '${lang_text}')]</arg>
<doc>Verifies that the element identified by ``locator`` is visible.</doc>
<status status="PASS" start="2025-03-12T09:43:57.938933" elapsed="0.012198"/>
</kw>
<msg time="2025-03-12T09:43:57.951131" level="INFO">${lang_option} = True</msg>
<var>${lang_option}</var>
<arg>Element Should Be Visible</arg>
<arg>xpath=//a[contains(., '${lang_text}')]</arg>
<doc>Runs the given keyword with given arguments and returns the status as a Boolean value.</doc>
<status status="PASS" start="2025-03-12T09:43:57.938933" elapsed="0.012198"/>
</kw>
<kw name="Run Keyword If" owner="BuiltIn">
<kw name="Click Element" owner="SeleniumLibrary">
<msg time="2025-03-12T09:43:57.952129" level="INFO">Clicking element 'xpath=//a[contains(., 'English')]'.</msg>
<arg>xpath=//a[contains(., '${lang_text}')]</arg>
<doc>Click the element identified by ``locator``.</doc>
<status status="PASS" start="2025-03-12T09:43:57.952129" elapsed="0.707506"/>
</kw>
<arg>${lang_option}</arg>
<arg>Click Element</arg>
<arg>xpath=//a[contains(., '${lang_text}')]</arg>
<arg>ELSE</arg>
<arg>Fail</arg>
<arg>ไม่พบตัวเลือกภาษา ${lang_text} ใน dropdown</arg>
<doc>Runs the given keyword with the given arguments, if ``condition`` is true.</doc>
<status status="PASS" start="2025-03-12T09:43:57.952129" elapsed="0.707506"/>
</kw>
<kw name="Go To" owner="SeleniumLibrary">
<msg time="2025-03-12T09:43:58.660638" level="INFO">Opening url 'https://cs6sec267.cpkkuhost.com/programs'</msg>
<arg>${PROGRAMS_URL}</arg>
<doc>Navigates the current browser window to the provided ``url``.</doc>
<status status="PASS" start="2025-03-12T09:43:58.660638" elapsed="0.417645"/>
</kw>
<kw name="Set Variable If" owner="BuiltIn">
<msg time="2025-03-12T09:43:59.078283" level="INFO">${title_text} = Programs</msg>
<var>${title_text}</var>
<arg>'${lang}' == 'th'</arg>
<arg>หลักสูตร</arg>
<arg>'${lang}' == 'zh'</arg>
<arg>课程</arg>
<arg>'${lang}' == 'en'</arg>
<arg>Programs</arg>
<doc>Sets variable based on the given condition.</doc>
<status status="PASS" start="2025-03-12T09:43:59.078283" elapsed="0.000000"/>
</kw>
<kw name="Wait Until Page Contains" owner="SeleniumLibrary">
<arg>${title_text}</arg>
<arg>10s</arg>
<doc>Waits until ``text`` appears on the current page.</doc>
<status status="PASS" start="2025-03-12T09:43:59.079280" elapsed="0.008150"/>
</kw>
<kw name="Log To Console" owner="BuiltIn">
<arg>เปลี่ยนภาษาเป็น: ${lang}</arg>
<doc>Logs the given message to the console.</doc>
<status status="PASS" start="2025-03-12T09:43:59.088431" elapsed="0.000000"/>
</kw>
<arg>${lang}</arg>
<status status="PASS" start="2025-03-12T09:43:57.459404" elapsed="1.629027"/>
</kw>
<kw name="Run Keyword" owner="BuiltIn">
<kw name="Verify TC42">
<kw name="Set Variable If" owner="BuiltIn">
<msg time="2025-03-12T09:43:59.090426" level="INFO">${id_text} = ID</msg>
<var>${id_text}</var>
<arg>'${lang}' == 'th'</arg>
<arg>รหัส</arg>
<arg>'${lang}' == 'zh'</arg>
<arg>编号</arg>
<arg>'${lang}' == 'en'</arg>
<arg>ID</arg>
<doc>Sets variable based on the given condition.</doc>
<status status="PASS" start="2025-03-12T09:43:59.089428" elapsed="0.000998"/>
</kw>
<kw name="Set Variable If" owner="BuiltIn">
<msg time="2025-03-12T09:43:59.090426" level="INFO">${name_th_text} = Program Name (Thai)</msg>
<var>${name_th_text}</var>
<arg>'${lang}' == 'th'</arg>
<arg>ชื่อหลักสูตร (TH)</arg>
<arg>'${lang}' == 'zh'</arg>
<arg>课程名称 (泰语)</arg>
<arg>'${lang}' == 'en'</arg>
<arg>Program Name (Thai)</arg>
<doc>Sets variable based on the given condition.</doc>
<status status="PASS" start="2025-03-12T09:43:59.090426" elapsed="0.000000"/>
</kw>
<kw name="Set Variable If" owner="BuiltIn">
<msg time="2025-03-12T09:43:59.091423" level="INFO">${degree_text} = Degree</msg>
<var>${degree_text}</var>
<arg>'${lang}' == 'th'</arg>
<arg>ระดับการศึกษา</arg>
<arg>'${lang}' == 'zh'</arg>
<arg>学历</arg>
<arg>'${lang}' == 'en'</arg>
<arg>Degree</arg>
<doc>Sets variable based on the given condition.</doc>
<status status="PASS" start="2025-03-12T09:43:59.090426" elapsed="0.000997"/>
</kw>
<kw name="Set Variable If" owner="BuiltIn">
<msg time="2025-03-12T09:43:59.092423" level="INFO">${action_text} = Action</msg>
<var>${action_text}</var>
<arg>'${lang}' == 'th'</arg>
<arg>การกระทำ</arg>
<arg>'${lang}' == 'zh'</arg>
<arg>操作</arg>
<arg>'${lang}' == 'en'</arg>
<arg>Action</arg>
<doc>Sets variable based on the given condition.</doc>
<status status="PASS" start="2025-03-12T09:43:59.091423" elapsed="0.001000"/>
</kw>
<kw name="Verify Table Header">
<kw name="Wait Until Element Is Visible" owner="SeleniumLibrary">
<arg>xpath=//table[@id='example1']//thead//th[${column}]</arg>
<arg>5s</arg>
<doc>Waits until the element ``locator`` is visible.</doc>
<status status="PASS" start="2025-03-12T09:43:59.092423" elapsed="0.014123"/>
</kw>
<kw name="Get Text" owner="SeleniumLibrary">
<msg time="2025-03-12T09:43:59.118289" level="INFO">${actual_text} = ID</msg>
<var>${actual_text}</var>
<arg>xpath=//table[@id='example1']//thead//th[${column}]</arg>
<doc>Returns the text value of the element identified by ``locator``.</doc>
<status status="PASS" start="2025-03-12T09:43:59.106546" elapsed="0.011743"/>
</kw>
<kw name="Should Be Equal As Strings" owner="BuiltIn">
<arg>${actual_text}</arg>
<arg>${expected_text}</arg>
<doc>Fails if objects are unequal after converting them to strings.</doc>
<status status="PASS" start="2025-03-12T09:43:59.118289" elapsed="0.000000"/>
</kw>
<kw name="Log To Console" owner="BuiltIn">
<arg>ตรวจสอบหัวตารางคอลัมน์ ${column}: ${expected_text}</arg>
<doc>Logs the given message to the console.</doc>
<status status="PASS" start="2025-03-12T09:43:59.118289" elapsed="0.000998"/>
</kw>
<arg>1</arg>
<arg>${id_text}</arg>
<status status="PASS" start="2025-03-12T09:43:59.092423" elapsed="0.026864"/>
</kw>
<kw name="Verify Table Header">
<kw name="Wait Until Element Is Visible" owner="SeleniumLibrary">
<arg>xpath=//table[@id='example1']//thead//th[${column}]</arg>
<arg>5s</arg>
<doc>Waits until the element ``locator`` is visible.</doc>
<status status="PASS" start="2025-03-12T09:43:59.119287" elapsed="0.012279"/>
</kw>
<kw name="Get Text" owner="SeleniumLibrary">
<msg time="2025-03-12T09:43:59.142318" level="INFO">${actual_text} = Program Name (Thai)</msg>
<var>${actual_text}</var>
<arg>xpath=//table[@id='example1']//thead//th[${column}]</arg>
<doc>Returns the text value of the element identified by ``locator``.</doc>
<status status="PASS" start="2025-03-12T09:43:59.131566" elapsed="0.010752"/>
</kw>
<kw name="Should Be Equal As Strings" owner="BuiltIn">
<arg>${actual_text}</arg>
<arg>${expected_text}</arg>
<doc>Fails if objects are unequal after converting them to strings.</doc>
<status status="PASS" start="2025-03-12T09:43:59.142318" elapsed="0.000000"/>
</kw>
<kw name="Log To Console" owner="BuiltIn">
<arg>ตรวจสอบหัวตารางคอลัมน์ ${column}: ${expected_text}</arg>
<doc>Logs the given message to the console.</doc>
<status status="PASS" start="2025-03-12T09:43:59.142318" elapsed="0.000999"/>
</kw>
<arg>2</arg>
<arg>${name_th_text}</arg>
<status status="PASS" start="2025-03-12T09:43:59.119287" elapsed="0.024030"/>
</kw>
<kw name="Verify Table Header">
<kw name="Wait Until Element Is Visible" owner="SeleniumLibrary">
<arg>xpath=//table[@id='example1']//thead//th[${column}]</arg>
<arg>5s</arg>
<doc>Waits until the element ``locator`` is visible.</doc>
<status status="PASS" start="2025-03-12T09:43:59.143317" elapsed="0.010761"/>
</kw>
<kw name="Get Text" owner="SeleniumLibrary">
<msg time="2025-03-12T09:43:59.164983" level="INFO">${actual_text} = Degree</msg>
<var>${actual_text}</var>
<arg>xpath=//table[@id='example1']//thead//th[${column}]</arg>
<doc>Returns the text value of the element identified by ``locator``.</doc>
<status status="PASS" start="2025-03-12T09:43:59.154078" elapsed="0.010905"/>
</kw>
<kw name="Should Be Equal As Strings" owner="BuiltIn">
<arg>${actual_text}</arg>
<arg>${expected_text}</arg>
<doc>Fails if objects are unequal after converting them to strings.</doc>
<status status="PASS" start="2025-03-12T09:43:59.164983" elapsed="0.001015"/>
</kw>
<kw name="Log To Console" owner="BuiltIn">
<arg>ตรวจสอบหัวตารางคอลัมน์ ${column}: ${expected_text}</arg>
<doc>Logs the given message to the console.</doc>
<status status="PASS" start="2025-03-12T09:43:59.165998" elapsed="0.000000"/>
</kw>
<arg>3</arg>
<arg>${degree_text}</arg>
<status status="PASS" start="2025-03-12T09:43:59.143317" elapsed="0.022681"/>
</kw>
<kw name="Verify Table Header">
<kw name="Wait Until Element Is Visible" owner="SeleniumLibrary">
<arg>xpath=//table[@id='example1']//thead//th[${column}]</arg>
<arg>5s</arg>
<doc>Waits until the element ``locator`` is visible.</doc>
<status status="PASS" start="2025-03-12T09:43:59.167124" elapsed="0.011395"/>
</kw>
<kw name="Get Text" owner="SeleniumLibrary">
<msg time="2025-03-12T09:43:59.190216" level="INFO">${actual_text} = Action</msg>
<var>${actual_text}</var>
<arg>xpath=//table[@id='example1']//thead//th[${column}]</arg>
<doc>Returns the text value of the element identified by ``locator``.</doc>
<status status="PASS" start="2025-03-12T09:43:59.178519" elapsed="0.011697"/>
</kw>
<kw name="Should Be Equal As Strings" owner="BuiltIn">
<arg>${actual_text}</arg>
<arg>${expected_text}</arg>
<doc>Fails if objects are unequal after converting them to strings.</doc>
<status status="PASS" start="2025-03-12T09:43:59.191213" elapsed="0.000000"/>
</kw>
<kw name="Log To Console" owner="BuiltIn">
<arg>ตรวจสอบหัวตารางคอลัมน์ ${column}: ${expected_text}</arg>
<doc>Logs the given message to the console.</doc>
<status status="PASS" start="2025-03-12T09:43:59.191213" elapsed="0.000000"/>
</kw>
<arg>4</arg>
<arg>${action_text}</arg>
<status status="PASS" start="2025-03-12T09:43:59.165998" elapsed="0.025215"/>
</kw>
<arg>${lang}</arg>
<status status="PASS" start="2025-03-12T09:43:59.089428" elapsed="0.101785"/>
</kw>
<arg>${test_keyword}</arg>
<arg>${lang}</arg>
<doc>Executes the given keyword with the given arguments.</doc>
<status status="PASS" start="2025-03-12T09:43:59.088431" elapsed="0.102782"/>
</kw>
<var name="${lang}">en</var>
<status status="PASS" start="2025-03-12T09:43:57.459404" elapsed="1.731809"/>
</iter>
<var>${lang}</var>
<value>@{LANGUAGES}</value>
<status status="PASS" start="2025-03-12T09:43:53.981119" elapsed="5.211091"/>
</for>
<arg>Verify TC42</arg>
<status status="PASS" start="2025-03-12T09:43:53.580909" elapsed="5.611301"/>
</kw>
<doc>ตรวจสอบภาษาในตาราง ของ UI ที่ https://cs6sec267.cpkkuhost.com/programs</doc>
<status status="PASS" start="2025-03-12T09:43:53.579886" elapsed="5.612324"/>
</test>
<test id="s1-t3" name="TC40_ADMINPrograms_FormTranslation - ตรวจสอบภาษาของฟอร์มเพิ่มข้อมูล" line="344">
<kw name="Run Test For All Languages">
<kw name="Go To" owner="SeleniumLibrary">
<msg time="2025-03-12T09:43:59.195203" level="INFO">Opening url 'https://cs6sec267.cpkkuhost.com/programs'</msg>
<arg>${PROGRAMS_URL}</arg>
<doc>Navigates the current browser window to the provided ``url``.</doc>
<status status="PASS" start="2025-03-12T09:43:59.194206" elapsed="0.420920"/>
</kw>
<for flavor="IN">
<iter>
<kw name="Switch Language">
<kw name="Go To" owner="SeleniumLibrary">
<msg time="2025-03-12T09:43:59.615632" level="INFO">Opening url 'https://cs6sec267.cpkkuhost.com/dashboard'</msg>
<arg>${DASHBOARD_URL}</arg>
<doc>Navigates the current browser window to the provided ``url``.</doc>
<status status="PASS" start="2025-03-12T09:43:59.615632" elapsed="0.384940"/>
</kw>
<kw name="Wait Until Element Is Visible" owner="SeleniumLibrary">
<arg>xpath=//a[contains(@class, 'nav-link dropdown-toggle')]</arg>
<arg>5s</arg>
<doc>Waits until the element ``locator`` is visible.</doc>
<status status="PASS" start="2025-03-12T09:44:00.001600" elapsed="0.016708"/>
</kw>
<kw name="Click Element" owner="SeleniumLibrary">
<msg time="2025-03-12T09:44:00.019338" level="INFO">Clicking element 'xpath=//a[contains(@class, 'nav-link dropdown-toggle')]'.</msg>
<arg>xpath=//a[contains(@class, 'nav-link dropdown-toggle')]</arg>
<doc>Click the element identified by ``locator``.</doc>
<status status="PASS" start="2025-03-12T09:44:00.019338" elapsed="0.038769"/>
</kw>
<kw name="Wait Until Element Is Visible" owner="SeleniumLibrary">
<arg>xpath=//div[contains(@class, 'dropdown-menu')]</arg>
<arg>5s</arg>
<doc>Waits until the element ``locator`` is visible.</doc>
<status status="PASS" start="2025-03-12T09:44:00.058107" elapsed="0.010102"/>
</kw>
<kw name="Get WebElements" owner="SeleniumLibrary">
<msg time="2025-03-12T09:44:00.073195" level="INFO">${items} = [&lt;selenium.webdriver.remote.webelement.WebElement (session="d59203386d21e16ef47c8ebc1756625d", element="f.299E9CC6A7BFF2FD85ADAEB3A8D7F1F2.d.B3C99B6C05B3282DA7C7ABE4D4E4BDC3.e.585")&gt;, &lt;selenium.webdri...</msg>
<var>${items}</var>
<arg>xpath=//div[contains(@class, 'dropdown-menu')]//a</arg>
<doc>Returns a list of WebElement objects matching the ``locator``.</doc>
[...]
<status status="PASS" start="2025-03-12T09:44:58.672195" elapsed="0.008018"/>
</iter>
<iter>
<kw name="Get Text" owner="SeleniumLibrary">
<msg time="2025-03-12T09:44:58.686789" level="INFO">${text} = ไทย</msg>
<var>${text}</var>
<arg>${item}</arg>
<doc>Returns the text value of the element identified by ``locator``.</doc>
<status status="PASS" start="2025-03-12T09:44:58.680213" elapsed="0.006576"/>
</kw>
<kw name="Log To Console" owner="BuiltIn">
<arg>ตัวเลือกใน Dropdown: ${text}</arg>
<doc>Logs the given message to the console.</doc>
<status status="PASS" start="2025-03-12T09:44:58.686789" elapsed="0.000000"/>
</kw>
<var name="${item}">&lt;selenium.webdriver.remote.webelement.WebElement (session="d59203386d21e16ef47c8ebc1756625d", element="f.299E9CC6A7BFF2FD85ADAEB3A8D7F1F2.d.D70530EADC0809A56E3FD2B4FF17A687.e.1500")&gt;</var>
<status status="PASS" start="2025-03-12T09:44:58.680213" elapsed="0.007577"/>
</iter>
<var>${item}</var>
<value>@{items}</value>
<status status="PASS" start="2025-03-12T09:44:58.672195" elapsed="0.015595"/>
</for>
<kw name="Set Variable If" owner="BuiltIn">
<msg time="2025-03-12T09:44:58.687790" level="INFO">${lang_text} = 中国</msg>
<var>${lang_text}</var>
<arg>'${lang}' == 'th'</arg>
<arg>ไทย</arg>
<arg>'${lang}' == 'zh'</arg>
<arg>中国</arg>
<arg>'${lang}' == 'en'</arg>
<arg>English</arg>
<doc>Sets variable based on the given condition.</doc>
<status status="PASS" start="2025-03-12T09:44:58.687790" elapsed="0.000000"/>
</kw>
<kw name="Run Keyword And Return Status" owner="BuiltIn">
<kw name="Element Should Be Visible" owner="SeleniumLibrary">
<msg time="2025-03-12T09:44:58.702255" level="INFO">Element 'xpath=//a[contains(., '中国')]' is displayed.</msg>
<arg>xpath=//a[contains(., '${lang_text}')]</arg>
<doc>Verifies that the element identified by ``locator`` is visible.</doc>
<status status="PASS" start="2025-03-12T09:44:58.687790" elapsed="0.014465"/>
</kw>
<msg time="2025-03-12T09:44:58.702255" level="INFO">${lang_option} = True</msg>
<var>${lang_option}</var>
<arg>Element Should Be Visible</arg>
<arg>xpath=//a[contains(., '${lang_text}')]</arg>
<doc>Runs the given keyword with given arguments and returns the status as a Boolean value.</doc>
<status status="PASS" start="2025-03-12T09:44:58.687790" elapsed="0.014465"/>
</kw>
<kw name="Run Keyword If" owner="BuiltIn">
<kw name="Click Element" owner="SeleniumLibrary">
<msg time="2025-03-12T09:44:58.703252" level="INFO">Clicking element 'xpath=//a[contains(., '中国')]'.</msg>
<arg>xpath=//a[contains(., '${lang_text}')]</arg>
<doc>Click the element identified by ``locator``.</doc>
<status status="PASS" start="2025-03-12T09:44:58.703252" elapsed="0.039136"/>
</kw>
<arg>${lang_option}</arg>
<arg>Click Element</arg>
<arg>xpath=//a[contains(., '${lang_text}')]</arg>
<arg>ELSE</arg>
<arg>Fail</arg>
<arg>ไม่พบตัวเลือกภาษา ${lang_text} ใน dropdown</arg>
<doc>Runs the given keyword with the given arguments, if ``condition`` is true.</doc>
<status status="PASS" start="2025-03-12T09:44:58.703252" elapsed="0.039136"/>
</kw>
<kw name="Go To" owner="SeleniumLibrary">
<msg time="2025-03-12T09:44:58.742388" level="INFO">Opening url 'https://cs6sec267.cpkkuhost.com/programs'</msg>
<arg>${PROGRAMS_URL}</arg>
<doc>Navigates the current browser window to the provided ``url``.</doc>
<status status="PASS" start="2025-03-12T09:44:58.742388" elapsed="0.402729"/>
</kw>
<kw name="Set Variable If" owner="BuiltIn">
<msg time="2025-03-12T09:44:59.146137" level="INFO">${title_text} = 课程</msg>
<var>${title_text}</var>
<arg>'${lang}' == 'th'</arg>
<arg>หลักสูตร</arg>
<arg>'${lang}' == 'zh'</arg>
<arg>课程</arg>
<arg>'${lang}' == 'en'</arg>
<arg>Programs</arg>
<doc>Sets variable based on the given condition.</doc>
<status status="PASS" start="2025-03-12T09:44:59.146137" elapsed="0.000000"/>
</kw>
<kw name="Wait Until Page Contains" owner="SeleniumLibrary">
<arg>${title_text}</arg>
<arg>10s</arg>
<doc>Waits until ``text`` appears on the current page.</doc>
<status status="PASS" start="2025-03-12T09:44:59.146137" elapsed="0.011274"/>
</kw>
<kw name="Log To Console" owner="BuiltIn">
<arg>เปลี่ยนภาษาเป็น: ${lang}</arg>
<doc>Logs the given message to the console.</doc>
<status status="PASS" start="2025-03-12T09:44:59.157411" elapsed="0.000000"/>
</kw>
<arg>${lang}</arg>
<status status="PASS" start="2025-03-12T09:44:58.213777" elapsed="0.943634"/>
</kw>
<kw name="Go To" owner="SeleniumLibrary">
<msg time="2025-03-12T09:44:59.158410" level="INFO">Opening url 'https://cs6sec267.cpkkuhost.com/programs'</msg>
<arg>${PROGRAMS_URL}</arg>
<doc>Navigates the current browser window to the provided ``url``.</doc>
<status status="PASS" start="2025-03-12T09:44:59.157411" elapsed="0.400480"/>
</kw>
<kw name="Log To Console" owner="BuiltIn">
<arg>เริ่มทดสอบการลบในภาษา: ${lang}...</arg>
<doc>Logs the given message to the console.</doc>
<status status="PASS" start="2025-03-12T09:44:59.557891" elapsed="0.000998"/>
</kw>
<kw name="Get Element Count" owner="SeleniumLibrary">
<msg time="2025-03-12T09:44:59.567269" level="INFO">${row_count} = 8</msg>
<var>${row_count}</var>
<arg>xpath=//table[@id='example1']//tbody//tr</arg>
<doc>Returns the number of elements matching ``locator``.</doc>
<status status="PASS" start="2025-03-12T09:44:59.558889" elapsed="0.008380"/>
</kw>
<kw name="Run Keyword If" owner="BuiltIn">
<arg>${row_count} == 0</arg>
<arg>Add Test Data</arg>
<doc>Runs the given keyword with the given arguments, if ``condition`` is true.</doc>
<status status="PASS" start="2025-03-12T09:44:59.567269" elapsed="0.000000"/>
</kw>
<kw name="Get Element Count" owner="SeleniumLibrary">
<msg time="2025-03-12T09:44:59.573745" level="INFO">${row_count} = 8</msg>
<var>${row_count}</var>
<arg>xpath=//table[@id='example1']//tbody//tr</arg>
<doc>Returns the number of elements matching ``locator``.</doc>
<status status="PASS" start="2025-03-12T09:44:59.567269" elapsed="0.006476"/>
</kw>
<kw name="Run Keyword If" owner="BuiltIn">
<arg>${row_count} == 0</arg>
<arg>Fail</arg>
<arg>ไม่มีข้อมูลในตารางสำหรับการลบ แม้จะเพิ่มข้อมูลแล้ว</arg>
<doc>Runs the given keyword with the given arguments, if ``condition`` is true.</doc>
<status status="PASS" start="2025-03-12T09:44:59.573745" elapsed="0.000000"/>
</kw>
<kw name="Run Keyword And Return Status" owner="BuiltIn">
<kw name="Wait Until Page Contains Element" owner="SeleniumLibrary">
<arg>xpath=//button[contains(@class, 'show_confirm')][1]</arg>
<arg>timeout=15s</arg>
<doc>Waits until the element ``locator`` appears on the current page.</doc>
<status status="PASS" start="2025-03-12T09:44:59.575251" elapsed="0.005398"/>
</kw>
<msg time="2025-03-12T09:44:59.580649" level="INFO">${delete_button_status} = True</msg>
<var>${delete_button_status}</var>
<arg>Wait Until Page Contains Element</arg>
<arg>xpath=//button[contains(@class, 'show_confirm')][1]</arg>
<arg>timeout=15s</arg>
<doc>Runs the given keyword with given arguments and returns the status as a Boolean value.</doc>
<status status="PASS" start="2025-03-12T09:44:59.573745" elapsed="0.006904"/>
</kw>
<kw name="Run Keyword If" owner="BuiltIn">
<arg>not ${delete_button_status}</arg>
<arg>Fail</arg>
<arg>ไม่พบปุ่มลบ (Delete button not found)</arg>
<doc>Runs the given keyword with the given arguments, if ``condition`` is true.</doc>
<status status="PASS" start="2025-03-12T09:44:59.580649" elapsed="0.000998"/>
</kw>
<kw name="Click Element" owner="SeleniumLibrary">
<msg time="2025-03-12T09:44:59.581647" level="INFO">Clicking element 'xpath=//button[contains(@class, 'show_confirm')][1]'.</msg>
<arg>xpath=//button[contains(@class, 'show_confirm')][1]</arg>
<doc>Click the element identified by ``locator``.</doc>
<status status="PASS" start="2025-03-12T09:44:59.581647" elapsed="0.044970"/>
</kw>
<kw name="Log To Console" owner="BuiltIn">
<arg>คลิกปุ่มลบแล้ว</arg>
<doc>Logs the given message to the console.</doc>
<status status="PASS" start="2025-03-12T09:44:59.626617" elapsed="0.000000"/>
</kw>
<kw name="Set Variable If" owner="BuiltIn">
<msg time="2025-03-12T09:44:59.627627" level="INFO">${expected_title} = 你确定吗？</msg>
<var>${expected_title}</var>
<arg>'${lang}' == 'th'</arg>
<arg>คุณแน่ใจหรือไม่?</arg>
<arg>'${lang}' == 'zh'</arg>
<arg>你确定吗？</arg>
<arg>'${lang}' == 'en'</arg>
<arg>Are you sure?</arg>
<doc>Sets variable based on the given condition.</doc>
<status status="PASS" start="2025-03-12T09:44:59.627627" elapsed="0.000000"/>
</kw>
<kw name="Set Variable If" owner="BuiltIn">
<msg time="2025-03-12T09:44:59.627627" level="INFO">${expected_text} = 如果删除，数据将永远消失。</msg>
<var>${expected_text}</var>
<arg>'${lang}' == 'th'</arg>
<arg>ถ้าคุณลบข้อมูลนี้ มันจะหายไปตลอดกาล</arg>
<arg>'${lang}' == 'zh'</arg>
<arg>如果删除，数据将永远消失。</arg>
<arg>'${lang}' == 'en'</arg>
<arg>You will not be able to recover this file!</arg>
<doc>Sets variable based on the given condition.</doc>
<status status="PASS" start="2025-03-12T09:44:59.627627" elapsed="0.000000"/>
</kw>
<kw name="Set Variable If" owner="BuiltIn">
<msg time="2025-03-12T09:44:59.628624" level="INFO">${cancel_text} = 取消</msg>
<var>${cancel_text}</var>
<arg>'${lang}' == 'th'</arg>
<arg>ยกเลิก</arg>
<arg>'${lang}' == 'zh'</arg>
<arg>取消</arg>
<arg>'${lang}' == 'en'</arg>
<arg>Cancel</arg>
<doc>Sets variable based on the given condition.</doc>
<status status="PASS" start="2025-03-12T09:44:59.628624" elapsed="0.000000"/>
</kw>
<kw name="Set Variable If" owner="BuiltIn">
<msg time="2025-03-12T09:44:59.628624" level="INFO">${ok_text} = 确定</msg>
<var>${ok_text}</var>
<arg>'${lang}' == 'th'</arg>
<arg>ตกลง</arg>
<arg>'${lang}' == 'zh'</arg>
<arg>确定</arg>
<arg>'${lang}' == 'en'</arg>
<arg>OK</arg>
<doc>Sets variable based on the given condition.</doc>
<status status="PASS" start="2025-03-12T09:44:59.628624" elapsed="0.000000"/>
</kw>
<kw name="Run Keyword And Return Status" owner="BuiltIn">
<kw name="Wait Until Element Is Visible" owner="SeleniumLibrary">
<arg>xpath=//div[contains(@class, 'swal-title')]</arg>
<arg>timeout=15s</arg>
<doc>Waits until the element ``locator`` is visible.</doc>
<status status="PASS" start="2025-03-12T09:44:59.628624" elapsed="0.233991"/>
</kw>
<msg time="2025-03-12T09:44:59.862615" level="INFO">${popup_title_status} = True</msg>
<var>${popup_title_status}</var>
<arg>Wait Until Element Is Visible</arg>
<arg>xpath=//div[contains(@class, 'swal-title')]</arg>
<arg>timeout=15s</arg>
<doc>Runs the given keyword with given arguments and returns the status as a Boolean value.</doc>
<status status="PASS" start="2025-03-12T09:44:59.628624" elapsed="0.233991"/>
</kw>
<kw name="Run Keyword If" owner="BuiltIn">
<arg>not ${popup_title_status}</arg>
<arg>Fail</arg>
<arg>ไม่พบหัวข้อป๊อปอัพ (Popup title not found)</arg>
<doc>Runs the given keyword with the given arguments, if ``condition`` is true.</doc>
<status status="PASS" start="2025-03-12T09:44:59.862615" elapsed="0.000000"/>
</kw>
<kw name="Get Text" owner="SeleniumLibrary">
<msg time="2025-03-12T09:44:59.877381" level="INFO">${popup_title} = 你确定吗？</msg>
<var>${popup_title}</var>
<arg>xpath=//div[contains(@class, 'swal-title')]</arg>
<doc>Returns the text value of the element identified by ``locator``.</doc>
<status status="PASS" start="2025-03-12T09:44:59.862615" elapsed="0.015761"/>
</kw>
<kw name="Run Keyword If" owner="BuiltIn">
<arg>"${popup_title}" != "${expected_title}"</arg>
<arg>Fail</arg>
<arg>หัวข้อป๊อปอัพไม่ตรง: คาดว่า "${expected_title}", ได้ "${popup_title}"</arg>
<doc>Runs the given keyword with the given arguments, if ``condition`` is true.</doc>
<status status="PASS" start="2025-03-12T09:44:59.878376" elapsed="0.000000"/>
</kw>
<kw name="Log To Console" owner="BuiltIn">
<arg>หัวข้อป๊อปอัพ: ${popup_title}</arg>
<doc>Logs the given message to the console.</doc>
<status status="PASS" start="2025-03-12T09:44:59.878376" elapsed="0.000000"/>
</kw>
<kw name="Run Keyword And Return Status" owner="BuiltIn">
<kw name="Wait Until Element Is Visible" owner="SeleniumLibrary">
<arg>xpath=//div[contains(@class, 'swal-text')]</arg>
<arg>timeout=15s</arg>
<doc>Waits until the element ``locator`` is visible.</doc>
<status status="PASS" start="2025-03-12T09:44:59.879372" elapsed="0.013141"/>
</kw>
<msg time="2025-03-12T09:44:59.893510" level="INFO">${popup_text_status} = True</msg>
<var>${popup_text_status}</var>
<arg>Wait Until Element Is Visible</arg>
<arg>xpath=//div[contains(@class, 'swal-text')]</arg>
<arg>timeout=15s</arg>
<doc>Runs the given keyword with given arguments and returns the status as a Boolean value.</doc>
<status status="PASS" start="2025-03-12T09:44:59.879372" elapsed="0.014138"/>
</kw>
<kw name="Run Keyword If" owner="BuiltIn">
<arg>not ${popup_text_status}</arg>
<arg>Fail</arg>
<arg>ไม่พบข้อความป๊อปอัพ (Popup text not found)</arg>
<doc>Runs the given keyword with the given arguments, if ``condition`` is true.</doc>
<status status="PASS" start="2025-03-12T09:44:59.893510" elapsed="0.000000"/>
</kw>
<kw name="Get Text" owner="SeleniumLibrary">
<msg time="2025-03-12T09:44:59.909145" level="INFO">${popup_text} = 如果你删除这个，它将永远消失。</msg>
<var>${popup_text}</var>
<arg>xpath=//div[contains(@class, 'swal-text')]</arg>
<doc>Returns the text value of the element identified by ``locator``.</doc>
<status status="PASS" start="2025-03-12T09:44:59.893510" elapsed="0.015635"/>
</kw>
<kw name="Run Keyword If" owner="BuiltIn">
<kw name="Fail" owner="BuiltIn">
<msg time="2025-03-12T09:44:59.910177" level="FAIL">ข้อความป๊อปอัพไม่ตรง: คาดว่า "如果删除，数据将永远消失。", ได้ "如果你删除这个，它将永远消失。"</msg>
<arg>ข้อความป๊อปอัพไม่ตรง: คาดว่า "${expected_text}", ได้ "${popup_text}"</arg>
<doc>Fails the test with the given message and optionally alters its tags.</doc>
<status status="FAIL" start="2025-03-12T09:44:59.910177" elapsed="0.000000">ข้อความป๊อปอัพไม่ตรง: คาดว่า "如果删除，数据将永远消失。", ได้ "如果你删除这个，它将永远消失。"</status>
</kw>
<arg>"${popup_text}" != "${expected_text}"</arg>
<arg>Fail</arg>
<arg>ข้อความป๊อปอัพไม่ตรง: คาดว่า "${expected_text}", ได้ "${popup_text}"</arg>
<doc>Runs the given keyword with the given arguments, if ``condition`` is true.</doc>
<status status="FAIL" start="2025-03-12T09:44:59.910177" elapsed="0.000000">ข้อความป๊อปอัพไม่ตรง: คาดว่า "如果删除，数据将永远消失。", ได้ "如果你删除这个，它将永远消失。"</status>
</kw>
<kw name="Log To Console" owner="BuiltIn">
<arg>ข้อความป๊อปอัพ: ${popup_text}</arg>
<doc>Logs the given message to the console.</doc>
<status status="NOT RUN" start="2025-03-12T09:44:59.910177" elapsed="0.000000"/>
</kw>
<kw name="Run Keyword And Return Status" owner="BuiltIn">
<var>${cancel_button_status}</var>
<arg>Wait Until Element Is Visible</arg>
<arg>xpath=//button[contains(text(), '${cancel_text}')]</arg>
<arg>timeout=15s</arg>
<doc>Runs the given keyword with given arguments and returns the status as a Boolean value.</doc>
<status status="NOT RUN" start="2025-03-12T09:44:59.910177" elapsed="0.001001"/>
</kw>
<kw name="Run Keyword If" owner="BuiltIn">
<arg>not ${cancel_button_status}</arg>
<arg>Fail</arg>
<arg>ไม่พบปุ่มยกเลิก (Cancel button not found)</arg>
<doc>Runs the given keyword with the given arguments, if ``condition`` is true.</doc>
<status status="NOT RUN" start="2025-03-12T09:44:59.911178" elapsed="0.000000"/>
</kw>
<kw name="Run Keyword And Return Status" owner="BuiltIn">
<var>${ok_button_status}</var>
<arg>Wait Until Element Is Visible</arg>
<arg>xpath=//button[contains(text(), '${ok_text}')]</arg>
<arg>timeout=15s</arg>
<doc>Runs the given keyword with given arguments and returns the status as a Boolean value.</doc>
<status status="NOT RUN" start="2025-03-12T09:44:59.911178" elapsed="0.000000"/>
</kw>
<kw name="Run Keyword If" owner="BuiltIn">
<arg>not ${ok_button_status}</arg>
<arg>Fail</arg>
<arg>ไม่พบปุ่มตกลง (OK button not found)</arg>
<doc>Runs the given keyword with the given arguments, if ``condition`` is true.</doc>
<status status="NOT RUN" start="2025-03-12T09:44:59.911178" elapsed="0.000000"/>
</kw>
<kw name="Log To Console" owner="BuiltIn">
<arg>ตรวจสอบปุ่มยกเลิกและตกลงเรียบร้อย</arg>
<doc>Logs the given message to the console.</doc>
<status status="NOT RUN" start="2025-03-12T09:44:59.911178" elapsed="0.000000"/>
</kw>
<kw name="Click Element" owner="SeleniumLibrary">
<arg>xpath=//button[contains(text(), '${cancel_text}')]</arg>
<doc>Click the element identified by ``locator``.</doc>
<status status="NOT RUN" start="2025-03-12T09:44:59.911178" elapsed="0.000000"/>
</kw>
<kw name="Wait Until Element Is Visible" owner="SeleniumLibrary">
<arg>xpath=//div[contains(@class, 'card')]</arg>
<arg>timeout=15s</arg>
<doc>Waits until the element ``locator`` is visible.</doc>
<status status="NOT RUN" start="2025-03-12T09:44:59.911178" elapsed="0.000000"/>
</kw>
<kw name="Log To Console" owner="BuiltIn">
<arg>ยกเลิกการลบ กลับสู่หน้าโปรแกรม</arg>
<doc>Logs the given message to the console.</doc>
<status status="NOT RUN" start="2025-03-12T09:44:59.911178" elapsed="0.000000"/>
</kw>
<arg>${lang}</arg>
<status status="FAIL" start="2025-03-12T09:44:58.213777" elapsed="1.698360">ข้อความป๊อปอัพไม่ตรง: คาดว่า "如果删除，数据将永远消失。", ได้ "如果你删除这个，它将永远消失。"</status>
</kw>
<arg>${test_keyword}</arg>
<arg>${lang}</arg>
<doc>Executes the given keyword with the given arguments.</doc>
<status status="FAIL" start="2025-03-12T09:44:58.213777" elapsed="1.698360">ข้อความป๊อปอัพไม่ตรง: คาดว่า "如果删除，数据将永远消失。", ได้ "如果你删除这个，它将永远消失。"</status>
</kw>
<var name="${lang}">zh</var>
<status status="FAIL" start="2025-03-12T09:44:56.593321" elapsed="3.318816">ข้อความป๊อปอัพไม่ตรง: คาดว่า "如果删除，数据将永远消失。", ได้ "如果你删除这个，它将永远消失。"</status>
</iter>
<var>${lang}</var>
<value>@{LANGUAGES}</value>
<status status="FAIL" start="2025-03-12T09:44:53.127580" elapsed="6.784557">ข้อความป๊อปอัพไม่ตรง: คาดว่า "如果删除，数据将永远消失。", ได้ "如果你删除这个，它将永远消失。"</status>
</for>
<arg>Verify TC44</arg>
<status status="FAIL" start="2025-03-12T09:44:51.980245" elapsed="7.931892">ข้อความป๊อปอัพไม่ตรง: คาดว่า "如果删除，数据将永远消失。", ได้ "如果你删除这个，它将永远消失。"</status>
</kw>
<doc>ตรวจสอบภาษาการลบข้อมูลและป๊อปอัพ ที่ https://cs6sec267.cpkkuhost.com/programs</doc>
<status status="FAIL" start="2025-03-12T09:44:51.979249" elapsed="7.932888">ข้อความป๊อปอัพไม่ตรง: คาดว่า "如果删除，数据将永远消失。", ได้ "如果你删除这个，它将永远消失。"</status>
</test>
<kw name="Logout And Close Browser" type="TEARDOWN">
<kw name="Go To" owner="SeleniumLibrary">
<msg time="2025-03-12T09:44:59.915128" level="INFO">Opening url 'https://cs6sec267.cpkkuhost.com/dashboard'</msg>
<arg>${DASHBOARD_URL}</arg>
<doc>Navigates the current browser window to the provided ``url``.</doc>
<status status="PASS" start="2025-03-12T09:44:59.915128" elapsed="0.394729"/>
</kw>
<kw name="Click Element" owner="SeleniumLibrary">
<msg time="2025-03-12T09:45:00.309857" level="INFO">Clicking element 'xpath=//a[contains(@href, '/logout')]'.</msg>
<arg>xpath=//a[contains(@href, '/logout')]</arg>
<doc>Click the element identified by ``locator``.</doc>
<status status="PASS" start="2025-03-12T09:45:00.309857" elapsed="0.777319"/>
</kw>
<kw name="Wait Until Location Contains" owner="SeleniumLibrary">
<arg>${LOGIN_URL}</arg>
<arg>${TIMEOUT}</arg>
<doc>Waits until the current URL contains ``expected``.</doc>
<status status="PASS" start="2025-03-12T09:45:01.087176" elapsed="0.013458"/>
</kw>
<kw name="Log To Console" owner="BuiltIn">
<arg>ออกจากระบบสำเร็จ</arg>
<doc>Logs the given message to the console.</doc>
<status status="PASS" start="2025-03-12T09:45:01.100634" elapsed="0.000000"/>
</kw>
<kw name="Close Browser" owner="SeleniumLibrary">
<doc>Closes the current browser.</doc>
<status status="PASS" start="2025-03-12T09:45:01.100634" elapsed="2.274843"/>
</kw>
<status status="PASS" start="2025-03-12T09:44:59.914131" elapsed="3.461346"/>
</kw>
<status status="FAIL" start="2025-03-12T09:43:38.583537" elapsed="84.791940"/>
</suite>
<statistics>
<total>
<stat pass="2" fail="3" skip="0">All Tests</stat>
</total>
<tag>
</tag>
<suite>
<stat name="adminProgramsTestsuite" id="s1" pass="2" fail="3" skip="0">adminProgramsTestsuite</stat>
</suite>
</statistics>
<errors>
</errors>
</robot>
